{"C:\\Users\\52111\\Projects\\dream-net\\app\\src\\main.js": {"path":"C:\\Users\\52111\\Projects\\dream-net\\app\\src\\main.js","statementMap":{"0":{"start":{"line":10,"column":0},"end":{"line":10,"column":16}},"1":{"start":{"line":12,"column":0},"end":{"line":12,"column":73}}},"fnMap":{},"branchMap":{},"s":{"0":0,"1":0},"f":{},"b":{}}
,"C:\\Users\\52111\\Projects\\dream-net\\app\\src\\registerServiceWorker.js": {"path":"C:\\Users\\52111\\Projects\\dream-net\\app\\src\\registerServiceWorker.js","statementMap":{"0":{"start":{"line":5,"column":0},"end":{"line":34,"column":1}},"1":{"start":{"line":6,"column":4},"end":{"line":33,"column":6}},"2":{"start":{"line":8,"column":12},"end":{"line":11,"column":13}},"3":{"start":{"line":14,"column":12},"end":{"line":14,"column":62}},"4":{"start":{"line":17,"column":12},"end":{"line":17,"column":67}},"5":{"start":{"line":20,"column":12},"end":{"line":20,"column":54}},"6":{"start":{"line":23,"column":12},"end":{"line":23,"column":68}},"7":{"start":{"line":26,"column":12},"end":{"line":28,"column":13}},"8":{"start":{"line":31,"column":12},"end":{"line":31,"column":77}}},"fnMap":{"0":{"name":"(anonymous_0)","decl":{"start":{"line":7,"column":8},"end":{"line":7,"column":9}},"loc":{"start":{"line":7,"column":16},"end":{"line":12,"column":9}},"line":7},"1":{"name":"(anonymous_1)","decl":{"start":{"line":13,"column":8},"end":{"line":13,"column":9}},"loc":{"start":{"line":13,"column":21},"end":{"line":15,"column":9}},"line":13},"2":{"name":"(anonymous_2)","decl":{"start":{"line":16,"column":8},"end":{"line":16,"column":9}},"loc":{"start":{"line":16,"column":17},"end":{"line":18,"column":9}},"line":16},"3":{"name":"(anonymous_3)","decl":{"start":{"line":19,"column":8},"end":{"line":19,"column":9}},"loc":{"start":{"line":19,"column":22},"end":{"line":21,"column":9}},"line":19},"4":{"name":"(anonymous_4)","decl":{"start":{"line":22,"column":8},"end":{"line":22,"column":9}},"loc":{"start":{"line":22,"column":18},"end":{"line":24,"column":9}},"line":22},"5":{"name":"(anonymous_5)","decl":{"start":{"line":25,"column":8},"end":{"line":25,"column":9}},"loc":{"start":{"line":25,"column":18},"end":{"line":29,"column":9}},"line":25},"6":{"name":"(anonymous_6)","decl":{"start":{"line":30,"column":8},"end":{"line":30,"column":9}},"loc":{"start":{"line":30,"column":21},"end":{"line":32,"column":9}},"line":30}},"branchMap":{"0":{"loc":{"start":{"line":5,"column":0},"end":{"line":34,"column":1}},"type":"if","locations":[{"start":{"line":5,"column":0},"end":{"line":34,"column":1}},{"start":{},"end":{}}],"line":5}},"s":{"0":0,"1":0,"2":0,"3":0,"4":0,"5":0,"6":0,"7":0,"8":0},"f":{"0":0,"1":0,"2":0,"3":0,"4":0,"5":0,"6":0},"b":{"0":[0,0]}}
,"C:\\Users\\52111\\Projects\\dream-net\\app\\src\\service-worker.js": {"path":"C:\\Users\\52111\\Projects\\dream-net\\app\\src\\service-worker.js","statementMap":{"0":{"start":{"line":6,"column":0},"end":{"line":8,"column":1}},"1":{"start":{"line":11,"column":0},"end":{"line":17,"column":2}},"2":{"start":{"line":22,"column":0},"end":{"line":26,"column":2}},"3":{"start":{"line":30,"column":0},"end":{"line":44,"column":1}},"4":{"start":{"line":48,"column":0},"end":{"line":62,"column":1}},"5":{"start":{"line":66,"column":0},"end":{"line":80,"column":1}},"6":{"start":{"line":83,"column":0},"end":{"line":83,"column":55}},"7":{"start":{"line":86,"column":0},"end":{"line":86,"column":21}},"8":{"start":{"line":89,"column":0},"end":{"line":89,"column":22}}},"fnMap":{},"branchMap":{},"s":{"0":0,"1":0,"2":0,"3":0,"4":0,"5":0,"6":0,"7":0,"8":0},"f":{},"b":{}}
,"C:\\Users\\52111\\Projects\\dream-net\\app\\src\\composables\\use-authentication.js": {"path":"C:\\Users\\52111\\Projects\\dream-net\\app\\src\\composables\\use-authentication.js","statementMap":{"0":{"start":{"line":6,"column":29},"end":{"line":6,"column":39}},"1":{"start":{"line":7,"column":24},"end":{"line":7,"column":72}},"2":{"start":{"line":7,"column":39},"end":{"line":7,"column":71}},"3":{"start":{"line":10,"column":14},"end":{"line":10,"column":24}},"4":{"start":{"line":11,"column":14},"end":{"line":26,"column":1}},"5":{"start":{"line":12,"column":21},"end":{"line":23,"column":6}},"6":{"start":{"line":25,"column":4},"end":{"line":25,"column":34}},"7":{"start":{"line":28,"column":22},"end":{"line":35,"column":1}},"8":{"start":{"line":29,"column":21},"end":{"line":32,"column":6}},"9":{"start":{"line":34,"column":4},"end":{"line":34,"column":42}},"10":{"start":{"line":37,"column":17},"end":{"line":47,"column":1}},"11":{"start":{"line":38,"column":4},"end":{"line":46,"column":6}},"12":{"start":{"line":50,"column":4},"end":{"line":55,"column":5}}},"fnMap":{"0":{"name":"(anonymous_0)","decl":{"start":{"line":7,"column":33},"end":{"line":7,"column":34}},"loc":{"start":{"line":7,"column":39},"end":{"line":7,"column":71}},"line":7},"1":{"name":"(anonymous_1)","decl":{"start":{"line":11,"column":14},"end":{"line":11,"column":15}},"loc":{"start":{"line":11,"column":48},"end":{"line":26,"column":1}},"line":11},"2":{"name":"(anonymous_2)","decl":{"start":{"line":28,"column":22},"end":{"line":28,"column":23}},"loc":{"start":{"line":28,"column":34},"end":{"line":35,"column":1}},"line":28},"3":{"name":"(anonymous_3)","decl":{"start":{"line":37,"column":17},"end":{"line":37,"column":18}},"loc":{"start":{"line":37,"column":58},"end":{"line":47,"column":1}},"line":37},"4":{"name":"(anonymous_4)","decl":{"start":{"line":49,"column":15},"end":{"line":49,"column":16}},"loc":{"start":{"line":49,"column":21},"end":{"line":56,"column":1}},"line":49}},"branchMap":{},"s":{"0":0,"1":0,"2":0,"3":0,"4":0,"5":0,"6":0,"7":0,"8":0,"9":0,"10":0,"11":0,"12":0},"f":{"0":0,"1":0,"2":0,"3":0,"4":0},"b":{}}
,"C:\\Users\\52111\\Projects\\dream-net\\app\\src\\composables\\use-axios.js": {"path":"C:\\Users\\52111\\Projects\\dream-net\\app\\src\\composables\\use-axios.js","statementMap":{"0":{"start":{"line":5,"column":20},"end":{"line":5,"column":32}},"1":{"start":{"line":7,"column":17},"end":{"line":10,"column":2}},"2":{"start":{"line":13,"column":0},"end":{"line":33,"column":1}},"3":{"start":{"line":15,"column":8},"end":{"line":17,"column":9}},"4":{"start":{"line":16,"column":12},"end":{"line":16,"column":32}},"5":{"start":{"line":20,"column":37},"end":{"line":20,"column":47}},"6":{"start":{"line":21,"column":49},"end":{"line":21,"column":59}},"7":{"start":{"line":22,"column":8},"end":{"line":24,"column":18}},"8":{"start":{"line":26,"column":8},"end":{"line":26,"column":21}},"9":{"start":{"line":29,"column":8},"end":{"line":29,"column":29}},"10":{"start":{"line":31,"column":8},"end":{"line":31,"column":36}},"11":{"start":{"line":36,"column":0},"end":{"line":45,"column":1}},"12":{"start":{"line":38,"column":8},"end":{"line":38,"column":29}},"13":{"start":{"line":40,"column":8},"end":{"line":40,"column":28}},"14":{"start":{"line":43,"column":8},"end":{"line":43,"column":45}},"15":{"start":{"line":48,"column":4},"end":{"line":48,"column":19}}},"fnMap":{"0":{"name":"(anonymous_0)","decl":{"start":{"line":14,"column":4},"end":{"line":14,"column":5}},"loc":{"start":{"line":14,"column":22},"end":{"line":27,"column":5}},"line":14},"1":{"name":"(anonymous_1)","decl":{"start":{"line":28,"column":4},"end":{"line":28,"column":5}},"loc":{"start":{"line":28,"column":15},"end":{"line":32,"column":5}},"line":28},"2":{"name":"(anonymous_2)","decl":{"start":{"line":37,"column":4},"end":{"line":37,"column":5}},"loc":{"start":{"line":37,"column":18},"end":{"line":41,"column":5}},"line":37},"3":{"name":"(anonymous_3)","decl":{"start":{"line":42,"column":4},"end":{"line":42,"column":5}},"loc":{"start":{"line":42,"column":15},"end":{"line":44,"column":5}},"line":42},"4":{"name":"(anonymous_4)","decl":{"start":{"line":47,"column":15},"end":{"line":47,"column":16}},"loc":{"start":{"line":47,"column":21},"end":{"line":49,"column":1}},"line":47}},"branchMap":{"0":{"loc":{"start":{"line":15,"column":8},"end":{"line":17,"column":9}},"type":"if","locations":[{"start":{"line":15,"column":8},"end":{"line":17,"column":9}},{"start":{},"end":{}}],"line":15},"1":{"loc":{"start":{"line":22,"column":42},"end":{"line":24,"column":18}},"type":"cond-expr","locations":[{"start":{"line":23,"column":14},"end":{"line":23,"column":31}},{"start":{"line":24,"column":14},"end":{"line":24,"column":18}}],"line":22}},"s":{"0":0,"1":0,"2":0,"3":0,"4":0,"5":0,"6":0,"7":0,"8":0,"9":0,"10":0,"11":0,"12":0,"13":0,"14":0,"15":0},"f":{"0":0,"1":0,"2":0,"3":0,"4":0},"b":{"0":[0,0],"1":[0,0]}}
,"C:\\Users\\52111\\Projects\\dream-net\\app\\src\\composables\\use-enum.js": {"path":"C:\\Users\\52111\\Projects\\dream-net\\app\\src\\composables\\use-enum.js","statementMap":{"0":{"start":{"line":2,"column":23},"end":{"line":2,"column":25}},"1":{"start":{"line":3,"column":4},"end":{"line":5,"column":5}},"2":{"start":{"line":4,"column":8},"end":{"line":4,"column":29}},"3":{"start":{"line":6,"column":4},"end":{"line":6,"column":36}}},"fnMap":{"0":{"name":"(anonymous_0)","decl":{"start":{"line":1,"column":15},"end":{"line":1,"column":16}},"loc":{"start":{"line":1,"column":27},"end":{"line":7,"column":1}},"line":1}},"branchMap":{},"s":{"0":0,"1":0,"2":0,"3":0},"f":{"0":0},"b":{}}
,"C:\\Users\\52111\\Projects\\dream-net\\app\\src\\composables\\use-gradients.js": {"path":"C:\\Users\\52111\\Projects\\dream-net\\app\\src\\composables\\use-gradients.js","statementMap":{"0":{"start":{"line":2,"column":22},"end":{"line":69,"column":5}},"1":{"start":{"line":71,"column":4},"end":{"line":73,"column":5}}},"fnMap":{"0":{"name":"(anonymous_0)","decl":{"start":{"line":1,"column":15},"end":{"line":1,"column":16}},"loc":{"start":{"line":1,"column":55},"end":{"line":74,"column":1}},"line":1}},"branchMap":{"0":{"loc":{"start":{"line":1,"column":16},"end":{"line":1,"column":50}},"type":"default-arg","locations":[{"start":{"line":1,"column":48},"end":{"line":1,"column":50}}],"line":1},"1":{"loc":{"start":{"line":1,"column":18},"end":{"line":1,"column":30}},"type":"default-arg","locations":[{"start":{"line":1,"column":26},"end":{"line":1,"column":30}}],"line":1},"2":{"loc":{"start":{"line":1,"column":32},"end":{"line":1,"column":43}},"type":"default-arg","locations":[{"start":{"line":1,"column":38},"end":{"line":1,"column":43}}],"line":1},"3":{"loc":{"start":{"line":4,"column":12},"end":{"line":6,"column":47}},"type":"cond-expr","locations":[{"start":{"line":5,"column":18},"end":{"line":5,"column":53}},{"start":{"line":6,"column":18},"end":{"line":6,"column":47}}],"line":4},"4":{"loc":{"start":{"line":7,"column":12},"end":{"line":7,"column":68}},"type":"binary-expr","locations":[{"start":{"line":7,"column":12},"end":{"line":7,"column":17}},{"start":{"line":7,"column":21},"end":{"line":7,"column":68}}],"line":7},"5":{"loc":{"start":{"line":10,"column":12},"end":{"line":12,"column":47}},"type":"cond-expr","locations":[{"start":{"line":11,"column":18},"end":{"line":11,"column":53}},{"start":{"line":12,"column":18},"end":{"line":12,"column":47}}],"line":10},"6":{"loc":{"start":{"line":13,"column":12},"end":{"line":13,"column":68}},"type":"binary-expr","locations":[{"start":{"line":13,"column":12},"end":{"line":13,"column":17}},{"start":{"line":13,"column":21},"end":{"line":13,"column":68}}],"line":13},"7":{"loc":{"start":{"line":16,"column":12},"end":{"line":18,"column":47}},"type":"cond-expr","locations":[{"start":{"line":17,"column":18},"end":{"line":17,"column":53}},{"start":{"line":18,"column":18},"end":{"line":18,"column":47}}],"line":16},"8":{"loc":{"start":{"line":19,"column":12},"end":{"line":19,"column":68}},"type":"binary-expr","locations":[{"start":{"line":19,"column":12},"end":{"line":19,"column":17}},{"start":{"line":19,"column":21},"end":{"line":19,"column":68}}],"line":19},"9":{"loc":{"start":{"line":22,"column":12},"end":{"line":24,"column":47}},"type":"cond-expr","locations":[{"start":{"line":23,"column":18},"end":{"line":23,"column":53}},{"start":{"line":24,"column":18},"end":{"line":24,"column":47}}],"line":22},"10":{"loc":{"start":{"line":25,"column":12},"end":{"line":25,"column":68}},"type":"binary-expr","locations":[{"start":{"line":25,"column":12},"end":{"line":25,"column":17}},{"start":{"line":25,"column":21},"end":{"line":25,"column":68}}],"line":25},"11":{"loc":{"start":{"line":28,"column":12},"end":{"line":30,"column":47}},"type":"cond-expr","locations":[{"start":{"line":29,"column":18},"end":{"line":29,"column":53}},{"start":{"line":30,"column":18},"end":{"line":30,"column":47}}],"line":28},"12":{"loc":{"start":{"line":31,"column":12},"end":{"line":31,"column":68}},"type":"binary-expr","locations":[{"start":{"line":31,"column":12},"end":{"line":31,"column":17}},{"start":{"line":31,"column":21},"end":{"line":31,"column":68}}],"line":31},"13":{"loc":{"start":{"line":34,"column":12},"end":{"line":36,"column":47}},"type":"cond-expr","locations":[{"start":{"line":35,"column":18},"end":{"line":35,"column":53}},{"start":{"line":36,"column":18},"end":{"line":36,"column":47}}],"line":34},"14":{"loc":{"start":{"line":37,"column":12},"end":{"line":37,"column":68}},"type":"binary-expr","locations":[{"start":{"line":37,"column":12},"end":{"line":37,"column":17}},{"start":{"line":37,"column":21},"end":{"line":37,"column":68}}],"line":37},"15":{"loc":{"start":{"line":40,"column":12},"end":{"line":42,"column":47}},"type":"cond-expr","locations":[{"start":{"line":41,"column":18},"end":{"line":41,"column":53}},{"start":{"line":42,"column":18},"end":{"line":42,"column":47}}],"line":40},"16":{"loc":{"start":{"line":43,"column":12},"end":{"line":43,"column":68}},"type":"binary-expr","locations":[{"start":{"line":43,"column":12},"end":{"line":43,"column":17}},{"start":{"line":43,"column":21},"end":{"line":43,"column":68}}],"line":43},"17":{"loc":{"start":{"line":46,"column":12},"end":{"line":48,"column":47}},"type":"cond-expr","locations":[{"start":{"line":47,"column":18},"end":{"line":47,"column":53}},{"start":{"line":48,"column":18},"end":{"line":48,"column":47}}],"line":46},"18":{"loc":{"start":{"line":49,"column":12},"end":{"line":49,"column":68}},"type":"binary-expr","locations":[{"start":{"line":49,"column":12},"end":{"line":49,"column":17}},{"start":{"line":49,"column":21},"end":{"line":49,"column":68}}],"line":49},"19":{"loc":{"start":{"line":52,"column":12},"end":{"line":54,"column":47}},"type":"cond-expr","locations":[{"start":{"line":53,"column":18},"end":{"line":53,"column":53}},{"start":{"line":54,"column":18},"end":{"line":54,"column":47}}],"line":52},"20":{"loc":{"start":{"line":55,"column":12},"end":{"line":55,"column":68}},"type":"binary-expr","locations":[{"start":{"line":55,"column":12},"end":{"line":55,"column":17}},{"start":{"line":55,"column":21},"end":{"line":55,"column":68}}],"line":55},"21":{"loc":{"start":{"line":58,"column":12},"end":{"line":60,"column":47}},"type":"cond-expr","locations":[{"start":{"line":59,"column":18},"end":{"line":59,"column":53}},{"start":{"line":60,"column":18},"end":{"line":60,"column":47}}],"line":58},"22":{"loc":{"start":{"line":61,"column":12},"end":{"line":61,"column":68}},"type":"binary-expr","locations":[{"start":{"line":61,"column":12},"end":{"line":61,"column":17}},{"start":{"line":61,"column":21},"end":{"line":61,"column":68}}],"line":61},"23":{"loc":{"start":{"line":64,"column":12},"end":{"line":66,"column":47}},"type":"cond-expr","locations":[{"start":{"line":65,"column":18},"end":{"line":65,"column":53}},{"start":{"line":66,"column":18},"end":{"line":66,"column":47}}],"line":64},"24":{"loc":{"start":{"line":67,"column":12},"end":{"line":67,"column":68}},"type":"binary-expr","locations":[{"start":{"line":67,"column":12},"end":{"line":67,"column":17}},{"start":{"line":67,"column":21},"end":{"line":67,"column":68}}],"line":67}},"s":{"0":0,"1":0},"f":{"0":0},"b":{"0":[0],"1":[0],"2":[0],"3":[0,0],"4":[0,0],"5":[0,0],"6":[0,0],"7":[0,0],"8":[0,0],"9":[0,0],"10":[0,0],"11":[0,0],"12":[0,0],"13":[0,0],"14":[0,0],"15":[0,0],"16":[0,0],"17":[0,0],"18":[0,0],"19":[0,0],"20":[0,0],"21":[0,0],"22":[0,0],"23":[0,0],"24":[0,0]}}
,"C:\\Users\\52111\\Projects\\dream-net\\app\\src\\composables\\use-interaction-state.js": {"path":"C:\\Users\\52111\\Projects\\dream-net\\app\\src\\composables\\use-interaction-state.js","statementMap":{"0":{"start":{"line":1,"column":30},"end":{"line":33,"column":1}},"1":{"start":{"line":9,"column":25},"end":{"line":30,"column":5}},"2":{"start":{"line":32,"column":4},"end":{"line":32,"column":23}},"3":{"start":{"line":36,"column":4},"end":{"line":38,"column":5}}},"fnMap":{"0":{"name":"(anonymous_0)","decl":{"start":{"line":1,"column":30},"end":{"line":1,"column":31}},"loc":{"start":{"line":8,"column":5},"end":{"line":33,"column":1}},"line":8},"1":{"name":"(anonymous_1)","decl":{"start":{"line":35,"column":15},"end":{"line":35,"column":16}},"loc":{"start":{"line":35,"column":21},"end":{"line":39,"column":1}},"line":35}},"branchMap":{"0":{"loc":{"start":{"line":2,"column":4},"end":{"line":7,"column":5}},"type":"default-arg","locations":[{"start":{"line":2,"column":38},"end":{"line":7,"column":5}}],"line":2}},"s":{"0":0,"1":0,"2":0,"3":0},"f":{"0":0,"1":0},"b":{"0":[0]}}
,"C:\\Users\\52111\\Projects\\dream-net\\app\\src\\composables\\use-loading.js": {"path":"C:\\Users\\52111\\Projects\\dream-net\\app\\src\\composables\\use-loading.js","statementMap":{"0":{"start":{"line":3,"column":16},"end":{"line":3,"column":26}},"1":{"start":{"line":6,"column":18},"end":{"line":6,"column":47}},"2":{"start":{"line":6,"column":33},"end":{"line":6,"column":46}},"3":{"start":{"line":9,"column":4},"end":{"line":12,"column":5}}},"fnMap":{"0":{"name":"(anonymous_0)","decl":{"start":{"line":6,"column":27},"end":{"line":6,"column":28}},"loc":{"start":{"line":6,"column":33},"end":{"line":6,"column":46}},"line":6},"1":{"name":"(anonymous_1)","decl":{"start":{"line":8,"column":15},"end":{"line":8,"column":16}},"loc":{"start":{"line":8,"column":21},"end":{"line":13,"column":1}},"line":8}},"branchMap":{},"s":{"0":0,"1":0,"2":0,"3":0},"f":{"0":0,"1":0},"b":{}}
,"C:\\Users\\52111\\Projects\\dream-net\\app\\src\\composables\\use-navigation-drawer.js": {"path":"C:\\Users\\52111\\Projects\\dream-net\\app\\src\\composables\\use-navigation-drawer.js","statementMap":{"0":{"start":{"line":4,"column":18},"end":{"line":4,"column":28}},"1":{"start":{"line":5,"column":19},"end":{"line":5,"column":24}},"2":{"start":{"line":8,"column":4},"end":{"line":11,"column":5}}},"fnMap":{"0":{"name":"(anonymous_0)","decl":{"start":{"line":7,"column":15},"end":{"line":7,"column":16}},"loc":{"start":{"line":7,"column":21},"end":{"line":12,"column":1}},"line":7}},"branchMap":{},"s":{"0":0,"1":0,"2":0},"f":{"0":0},"b":{}}
,"C:\\Users\\52111\\Projects\\dream-net\\app\\src\\composables\\use-theme.js": {"path":"C:\\Users\\52111\\Projects\\dream-net\\app\\src\\composables\\use-theme.js","statementMap":{"0":{"start":{"line":10,"column":14},"end":{"line":10,"column":42}},"1":{"start":{"line":12,"column":22},"end":{"line":12,"column":52}},"2":{"start":{"line":14,"column":21},"end":{"line":14,"column":26}},"3":{"start":{"line":15,"column":0},"end":{"line":23,"column":2}},"4":{"start":{"line":16,"column":18},"end":{"line":16,"column":52}},"5":{"start":{"line":18,"column":4},"end":{"line":22,"column":5}},"6":{"start":{"line":26,"column":20},"end":{"line":28,"column":2}},"7":{"start":{"line":27,"column":4},"end":{"line":27,"column":33}},"8":{"start":{"line":32,"column":23},"end":{"line":34,"column":1}},"9":{"start":{"line":33,"column":4},"end":{"line":33,"column":21}},"10":{"start":{"line":37,"column":4},"end":{"line":42,"column":5}}},"fnMap":{"0":{"name":"(anonymous_0)","decl":{"start":{"line":15,"column":51},"end":{"line":15,"column":52}},"loc":{"start":{"line":15,"column":61},"end":{"line":23,"column":1}},"line":15},"1":{"name":"(anonymous_1)","decl":{"start":{"line":26,"column":29},"end":{"line":26,"column":30}},"loc":{"start":{"line":26,"column":35},"end":{"line":28,"column":1}},"line":26},"2":{"name":"(anonymous_2)","decl":{"start":{"line":32,"column":23},"end":{"line":32,"column":24}},"loc":{"start":{"line":32,"column":32},"end":{"line":34,"column":1}},"line":32},"3":{"name":"(anonymous_3)","decl":{"start":{"line":36,"column":15},"end":{"line":36,"column":16}},"loc":{"start":{"line":36,"column":21},"end":{"line":43,"column":1}},"line":36}},"branchMap":{},"s":{"0":0,"1":0,"2":0,"3":0,"4":0,"5":0,"6":0,"7":0,"8":0,"9":0,"10":0},"f":{"0":0,"1":0,"2":0,"3":0},"b":{}}
,"C:\\Users\\52111\\Projects\\dream-net\\app\\src\\store\\data.js": {"path":"C:\\Users\\52111\\Projects\\dream-net\\app\\src\\store\\data.js","statementMap":{},"fnMap":{},"branchMap":{},"s":{},"f":{},"b":{}}
,"C:\\Users\\52111\\Projects\\dream-net\\app\\src\\store\\use-store.js": {"path":"C:\\Users\\52111\\Projects\\dream-net\\app\\src\\store\\use-store.js","statementMap":{"0":{"start":{"line":10,"column":4},"end":{"line":17,"column":5}}},"fnMap":{"0":{"name":"(anonymous_0)","decl":{"start":{"line":9,"column":15},"end":{"line":9,"column":16}},"loc":{"start":{"line":9,"column":21},"end":{"line":18,"column":1}},"line":9}},"branchMap":{},"s":{"0":0},"f":{"0":0},"b":{}}
,"C:\\Users\\52111\\Projects\\dream-net\\app\\src\\store\\modules\\auth.js": {"path":"C:\\Users\\52111\\Projects\\dream-net\\app\\src\\store\\modules\\auth.js","statementMap":{"0":{"start":{"line":5,"column":13},"end":{"line":8,"column":2}},"1":{"start":{"line":11,"column":24},"end":{"line":13,"column":2}},"2":{"start":{"line":12,"column":4},"end":{"line":12,"column":51}},"3":{"start":{"line":15,"column":20},"end":{"line":19,"column":2}},"4":{"start":{"line":16,"column":4},"end":{"line":18,"column":14}},"5":{"start":{"line":22,"column":18},"end":{"line":24,"column":1}},"6":{"start":{"line":23,"column":4},"end":{"line":23,"column":30}},"7":{"start":{"line":26,"column":18},"end":{"line":29,"column":1}},"8":{"start":{"line":27,"column":4},"end":{"line":27,"column":26}},"9":{"start":{"line":28,"column":4},"end":{"line":28,"column":26}},"10":{"start":{"line":31,"column":26},"end":{"line":33,"column":1}},"11":{"start":{"line":32,"column":4},"end":{"line":32,"column":30}}},"fnMap":{"0":{"name":"(anonymous_0)","decl":{"start":{"line":11,"column":33},"end":{"line":11,"column":34}},"loc":{"start":{"line":11,"column":39},"end":{"line":13,"column":1}},"line":11},"1":{"name":"(anonymous_1)","decl":{"start":{"line":15,"column":29},"end":{"line":15,"column":30}},"loc":{"start":{"line":15,"column":35},"end":{"line":19,"column":1}},"line":15},"2":{"name":"(anonymous_2)","decl":{"start":{"line":22,"column":18},"end":{"line":22,"column":19}},"loc":{"start":{"line":22,"column":32},"end":{"line":24,"column":1}},"line":22},"3":{"name":"(anonymous_3)","decl":{"start":{"line":26,"column":18},"end":{"line":26,"column":19}},"loc":{"start":{"line":26,"column":24},"end":{"line":29,"column":1}},"line":26},"4":{"name":"(anonymous_4)","decl":{"start":{"line":31,"column":26},"end":{"line":31,"column":27}},"loc":{"start":{"line":31,"column":40},"end":{"line":33,"column":1}},"line":31}},"branchMap":{"0":{"loc":{"start":{"line":16,"column":11},"end":{"line":18,"column":14}},"type":"cond-expr","locations":[{"start":{"line":17,"column":10},"end":{"line":17,"column":53}},{"start":{"line":18,"column":10},"end":{"line":18,"column":14}}],"line":16}},"s":{"0":0,"1":0,"2":0,"3":0,"4":0,"5":0,"6":0,"7":0,"8":0,"9":0,"10":0,"11":0},"f":{"0":0,"1":0,"2":0,"3":0,"4":0},"b":{"0":[0,0]}}
,"C:\\Users\\52111\\Projects\\dream-net\\app\\src\\store\\modules\\comments.js": {"path":"C:\\Users\\52111\\Projects\\dream-net\\app\\src\\store\\modules\\comments.js","statementMap":{"0":{"start":{"line":15,"column":13},"end":{"line":17,"column":2}},"1":{"start":{"line":25,"column":33},"end":{"line":25,"column":40}},"2":{"start":{"line":28,"column":17},"end":{"line":30,"column":2}},"3":{"start":{"line":29,"column":4},"end":{"line":29,"column":30}},"4":{"start":{"line":32,"column":35},"end":{"line":49,"column":2}},"5":{"start":{"line":33,"column":4},"end":{"line":38,"column":5}},"6":{"start":{"line":34,"column":8},"end":{"line":37,"column":9}},"7":{"start":{"line":40,"column":4},"end":{"line":48,"column":5}},"8":{"start":{"line":44,"column":12},"end":{"line":44,"column":49}},"9":{"start":{"line":53,"column":21},"end":{"line":60,"column":1}},"10":{"start":{"line":55,"column":4},"end":{"line":57,"column":5}},"11":{"start":{"line":56,"column":8},"end":{"line":56,"column":32}},"12":{"start":{"line":59,"column":4},"end":{"line":59,"column":53}},"13":{"start":{"line":62,"column":22},"end":{"line":72,"column":1}},"14":{"start":{"line":63,"column":4},"end":{"line":65,"column":5}},"15":{"start":{"line":64,"column":8},"end":{"line":64,"column":33}},"16":{"start":{"line":67,"column":52},"end":{"line":67,"column":63}},"17":{"start":{"line":69,"column":4},"end":{"line":69,"column":39}},"18":{"start":{"line":70,"column":4},"end":{"line":70,"column":59}},"19":{"start":{"line":71,"column":4},"end":{"line":71,"column":49}},"20":{"start":{"line":74,"column":31},"end":{"line":78,"column":1}},"21":{"start":{"line":75,"column":4},"end":{"line":77,"column":6}},"22":{"start":{"line":76,"column":8},"end":{"line":76,"column":34}},"23":{"start":{"line":80,"column":21},"end":{"line":82,"column":1}},"24":{"start":{"line":81,"column":4},"end":{"line":81,"column":46}},"25":{"start":{"line":84,"column":28},"end":{"line":87,"column":1}},"26":{"start":{"line":85,"column":4},"end":{"line":85,"column":30}},"27":{"start":{"line":86,"column":4},"end":{"line":86,"column":35}},"28":{"start":{"line":90,"column":31},"end":{"line":108,"column":1}},"29":{"start":{"line":92,"column":4},"end":{"line":99,"column":5}},"30":{"start":{"line":93,"column":8},"end":{"line":98,"column":9}},"31":{"start":{"line":101,"column":4},"end":{"line":106,"column":5}},"32":{"start":{"line":104,"column":56},"end":{"line":104,"column":66}},"33":{"start":{"line":107,"column":4},"end":{"line":107,"column":76}},"34":{"start":{"line":111,"column":36},"end":{"line":124,"column":1}},"35":{"start":{"line":112,"column":26},"end":{"line":112,"column":61}},"36":{"start":{"line":113,"column":29},"end":{"line":116,"column":5}},"37":{"start":{"line":114,"column":43},"end":{"line":114,"column":53}},"38":{"start":{"line":118,"column":4},"end":{"line":120,"column":6}},"39":{"start":{"line":119,"column":8},"end":{"line":119,"column":68}},"40":{"start":{"line":121,"column":4},"end":{"line":123,"column":6}},"41":{"start":{"line":122,"column":8},"end":{"line":122,"column":67}},"42":{"start":{"line":126,"column":25},"end":{"line":130,"column":1}},"43":{"start":{"line":127,"column":4},"end":{"line":129,"column":37}},"44":{"start":{"line":128,"column":29},"end":{"line":128,"column":42}},"45":{"start":{"line":129,"column":26},"end":{"line":129,"column":36}},"46":{"start":{"line":133,"column":37},"end":{"line":146,"column":1}},"47":{"start":{"line":134,"column":28},"end":{"line":134,"column":65}},"48":{"start":{"line":135,"column":31},"end":{"line":138,"column":5}},"49":{"start":{"line":136,"column":43},"end":{"line":136,"column":53}},"50":{"start":{"line":140,"column":4},"end":{"line":142,"column":6}},"51":{"start":{"line":141,"column":8},"end":{"line":141,"column":71}},"52":{"start":{"line":143,"column":4},"end":{"line":145,"column":6}},"53":{"start":{"line":144,"column":8},"end":{"line":144,"column":70}},"54":{"start":{"line":148,"column":27},"end":{"line":152,"column":1}},"55":{"start":{"line":149,"column":4},"end":{"line":151,"column":37}},"56":{"start":{"line":150,"column":29},"end":{"line":150,"column":44}},"57":{"start":{"line":151,"column":26},"end":{"line":151,"column":36}},"58":{"start":{"line":155,"column":14},"end":{"line":155,"column":24}},"59":{"start":{"line":156,"column":22},"end":{"line":177,"column":1}},"60":{"start":{"line":157,"column":21},"end":{"line":164,"column":6}},"61":{"start":{"line":167,"column":4},"end":{"line":167,"column":41}},"62":{"start":{"line":170,"column":4},"end":{"line":170,"column":71}},"63":{"start":{"line":173,"column":4},"end":{"line":173,"column":46}},"64":{"start":{"line":176,"column":4},"end":{"line":176,"column":47}},"65":{"start":{"line":179,"column":20},"end":{"line":197,"column":1}},"66":{"start":{"line":180,"column":21},"end":{"line":188,"column":6}},"67":{"start":{"line":191,"column":4},"end":{"line":191,"column":31}},"68":{"start":{"line":194,"column":4},"end":{"line":194,"column":77}},"69":{"start":{"line":196,"column":4},"end":{"line":196,"column":24}}},"fnMap":{"0":{"name":"(anonymous_0)","decl":{"start":{"line":28,"column":26},"end":{"line":28,"column":27}},"loc":{"start":{"line":28,"column":32},"end":{"line":30,"column":1}},"line":28},"1":{"name":"(anonymous_1)","decl":{"start":{"line":32,"column":44},"end":{"line":32,"column":45}},"loc":{"start":{"line":32,"column":50},"end":{"line":49,"column":1}},"line":32},"2":{"name":"(anonymous_2)","decl":{"start":{"line":43,"column":25},"end":{"line":43,"column":26}},"loc":{"start":{"line":43,"column":40},"end":{"line":45,"column":9}},"line":43},"3":{"name":"(anonymous_3)","decl":{"start":{"line":53,"column":21},"end":{"line":53,"column":22}},"loc":{"start":{"line":53,"column":38},"end":{"line":60,"column":1}},"line":53},"4":{"name":"(anonymous_4)","decl":{"start":{"line":62,"column":22},"end":{"line":62,"column":23}},"loc":{"start":{"line":62,"column":39},"end":{"line":72,"column":1}},"line":62},"5":{"name":"(anonymous_5)","decl":{"start":{"line":74,"column":31},"end":{"line":74,"column":32}},"loc":{"start":{"line":74,"column":58},"end":{"line":78,"column":1}},"line":74},"6":{"name":"(anonymous_6)","decl":{"start":{"line":75,"column":34},"end":{"line":75,"column":35}},"loc":{"start":{"line":75,"column":51},"end":{"line":77,"column":5}},"line":75},"7":{"name":"(anonymous_7)","decl":{"start":{"line":80,"column":21},"end":{"line":80,"column":22}},"loc":{"start":{"line":80,"column":38},"end":{"line":82,"column":1}},"line":80},"8":{"name":"(anonymous_8)","decl":{"start":{"line":84,"column":28},"end":{"line":84,"column":29}},"loc":{"start":{"line":84,"column":34},"end":{"line":87,"column":1}},"line":84},"9":{"name":"(anonymous_9)","decl":{"start":{"line":90,"column":31},"end":{"line":90,"column":32}},"loc":{"start":{"line":90,"column":70},"end":{"line":108,"column":1}},"line":90},"10":{"name":"(anonymous_10)","decl":{"start":{"line":104,"column":43},"end":{"line":104,"column":44}},"loc":{"start":{"line":104,"column":56},"end":{"line":104,"column":66}},"line":104},"11":{"name":"(anonymous_11)","decl":{"start":{"line":111,"column":36},"end":{"line":111,"column":37}},"loc":{"start":{"line":111,"column":59},"end":{"line":124,"column":1}},"line":111},"12":{"name":"(anonymous_12)","decl":{"start":{"line":114,"column":30},"end":{"line":114,"column":31}},"loc":{"start":{"line":114,"column":43},"end":{"line":114,"column":53}},"line":114},"13":{"name":"(anonymous_13)","decl":{"start":{"line":118,"column":29},"end":{"line":118,"column":30}},"loc":{"start":{"line":118,"column":37},"end":{"line":120,"column":5}},"line":118},"14":{"name":"(anonymous_14)","decl":{"start":{"line":121,"column":26},"end":{"line":121,"column":27}},"loc":{"start":{"line":121,"column":34},"end":{"line":123,"column":5}},"line":121},"15":{"name":"(anonymous_15)","decl":{"start":{"line":126,"column":25},"end":{"line":126,"column":26}},"loc":{"start":{"line":126,"column":48},"end":{"line":130,"column":1}},"line":126},"16":{"name":"(anonymous_16)","decl":{"start":{"line":128,"column":16},"end":{"line":128,"column":17}},"loc":{"start":{"line":128,"column":29},"end":{"line":128,"column":42}},"line":128},"17":{"name":"(anonymous_17)","decl":{"start":{"line":129,"column":13},"end":{"line":129,"column":14}},"loc":{"start":{"line":129,"column":26},"end":{"line":129,"column":36}},"line":129},"18":{"name":"(anonymous_18)","decl":{"start":{"line":133,"column":37},"end":{"line":133,"column":38}},"loc":{"start":{"line":133,"column":60},"end":{"line":146,"column":1}},"line":133},"19":{"name":"(anonymous_19)","decl":{"start":{"line":136,"column":30},"end":{"line":136,"column":31}},"loc":{"start":{"line":136,"column":43},"end":{"line":136,"column":53}},"line":136},"20":{"name":"(anonymous_20)","decl":{"start":{"line":140,"column":31},"end":{"line":140,"column":32}},"loc":{"start":{"line":140,"column":39},"end":{"line":142,"column":5}},"line":140},"21":{"name":"(anonymous_21)","decl":{"start":{"line":143,"column":28},"end":{"line":143,"column":29}},"loc":{"start":{"line":143,"column":36},"end":{"line":145,"column":5}},"line":143},"22":{"name":"(anonymous_22)","decl":{"start":{"line":148,"column":27},"end":{"line":148,"column":28}},"loc":{"start":{"line":148,"column":50},"end":{"line":152,"column":1}},"line":148},"23":{"name":"(anonymous_23)","decl":{"start":{"line":150,"column":16},"end":{"line":150,"column":17}},"loc":{"start":{"line":150,"column":29},"end":{"line":150,"column":44}},"line":150},"24":{"name":"(anonymous_24)","decl":{"start":{"line":151,"column":13},"end":{"line":151,"column":14}},"loc":{"start":{"line":151,"column":26},"end":{"line":151,"column":36}},"line":151},"25":{"name":"(anonymous_25)","decl":{"start":{"line":156,"column":22},"end":{"line":156,"column":23}},"loc":{"start":{"line":156,"column":52},"end":{"line":177,"column":1}},"line":156},"26":{"name":"(anonymous_26)","decl":{"start":{"line":179,"column":20},"end":{"line":179,"column":21}},"loc":{"start":{"line":179,"column":48},"end":{"line":197,"column":1}},"line":179}},"branchMap":{"0":{"loc":{"start":{"line":33,"column":4},"end":{"line":38,"column":5}},"type":"if","locations":[{"start":{"line":33,"column":4},"end":{"line":38,"column":5}},{"start":{},"end":{}}],"line":33},"1":{"loc":{"start":{"line":55,"column":4},"end":{"line":57,"column":5}},"type":"if","locations":[{"start":{"line":55,"column":4},"end":{"line":57,"column":5}},{"start":{},"end":{}}],"line":55},"2":{"loc":{"start":{"line":63,"column":4},"end":{"line":65,"column":5}},"type":"if","locations":[{"start":{"line":63,"column":4},"end":{"line":65,"column":5}},{"start":{},"end":{}}],"line":63},"3":{"loc":{"start":{"line":92,"column":4},"end":{"line":99,"column":5}},"type":"if","locations":[{"start":{"line":92,"column":4},"end":{"line":99,"column":5}},{"start":{},"end":{}}],"line":92}},"s":{"0":0,"1":0,"2":0,"3":0,"4":0,"5":0,"6":0,"7":0,"8":0,"9":0,"10":0,"11":0,"12":0,"13":0,"14":0,"15":0,"16":0,"17":0,"18":0,"19":0,"20":0,"21":0,"22":0,"23":0,"24":0,"25":0,"26":0,"27":0,"28":0,"29":0,"30":0,"31":0,"32":0,"33":0,"34":0,"35":0,"36":0,"37":0,"38":0,"39":0,"40":0,"41":0,"42":0,"43":0,"44":0,"45":0,"46":0,"47":0,"48":0,"49":0,"50":0,"51":0,"52":0,"53":0,"54":0,"55":0,"56":0,"57":0,"58":0,"59":0,"60":0,"61":0,"62":0,"63":0,"64":0,"65":0,"66":0,"67":0,"68":0,"69":0},"f":{"0":0,"1":0,"2":0,"3":0,"4":0,"5":0,"6":0,"7":0,"8":0,"9":0,"10":0,"11":0,"12":0,"13":0,"14":0,"15":0,"16":0,"17":0,"18":0,"19":0,"20":0,"21":0,"22":0,"23":0,"24":0,"25":0,"26":0},"b":{"0":[0,0],"1":[0,0],"2":[0,0],"3":[0,0]}}
,"C:\\Users\\52111\\Projects\\dream-net\\app\\src\\store\\modules\\favors.js": {"path":"C:\\Users\\52111\\Projects\\dream-net\\app\\src\\store\\modules\\favors.js","statementMap":{"0":{"start":{"line":10,"column":21},"end":{"line":10,"column":28}},"1":{"start":{"line":12,"column":24},"end":{"line":12,"column":31}},"2":{"start":{"line":15,"column":23},"end":{"line":17,"column":1}},"3":{"start":{"line":16,"column":4},"end":{"line":16,"column":46}},"4":{"start":{"line":18,"column":26},"end":{"line":20,"column":1}},"5":{"start":{"line":19,"column":4},"end":{"line":19,"column":52}},"6":{"start":{"line":23,"column":24},"end":{"line":32,"column":1}},"7":{"start":{"line":24,"column":4},"end":{"line":30,"column":5}},"8":{"start":{"line":25,"column":8},"end":{"line":25,"column":39}},"9":{"start":{"line":27,"column":8},"end":{"line":29,"column":10}},"10":{"start":{"line":28,"column":12},"end":{"line":28,"column":32}},"11":{"start":{"line":31,"column":4},"end":{"line":31,"column":51}},"12":{"start":{"line":34,"column":27},"end":{"line":43,"column":1}},"13":{"start":{"line":35,"column":4},"end":{"line":41,"column":5}},"14":{"start":{"line":36,"column":8},"end":{"line":36,"column":45}},"15":{"start":{"line":38,"column":8},"end":{"line":40,"column":10}},"16":{"start":{"line":39,"column":12},"end":{"line":39,"column":35}},"17":{"start":{"line":42,"column":4},"end":{"line":42,"column":57}},"18":{"start":{"line":46,"column":14},"end":{"line":46,"column":24}},"19":{"start":{"line":47,"column":22},"end":{"line":69,"column":1}},"20":{"start":{"line":48,"column":4},"end":{"line":48,"column":44}},"21":{"start":{"line":50,"column":4},"end":{"line":66,"column":5}},"22":{"start":{"line":51,"column":8},"end":{"line":59,"column":10}},"23":{"start":{"line":61,"column":8},"end":{"line":65,"column":9}},"24":{"start":{"line":62,"column":12},"end":{"line":62,"column":52}},"25":{"start":{"line":64,"column":12},"end":{"line":64,"column":53}},"26":{"start":{"line":68,"column":4},"end":{"line":68,"column":15}},"27":{"start":{"line":70,"column":24},"end":{"line":91,"column":1}},"28":{"start":{"line":71,"column":4},"end":{"line":71,"column":45}},"29":{"start":{"line":73,"column":4},"end":{"line":88,"column":5}},"30":{"start":{"line":74,"column":8},"end":{"line":81,"column":10}},"31":{"start":{"line":83,"column":8},"end":{"line":87,"column":9}},"32":{"start":{"line":84,"column":12},"end":{"line":84,"column":53}},"33":{"start":{"line":86,"column":12},"end":{"line":86,"column":52}},"34":{"start":{"line":90,"column":4},"end":{"line":90,"column":15}},"35":{"start":{"line":92,"column":25},"end":{"line":114,"column":1}},"36":{"start":{"line":93,"column":4},"end":{"line":93,"column":50}},"37":{"start":{"line":95,"column":4},"end":{"line":111,"column":5}},"38":{"start":{"line":96,"column":8},"end":{"line":104,"column":10}},"39":{"start":{"line":106,"column":8},"end":{"line":110,"column":9}},"40":{"start":{"line":107,"column":12},"end":{"line":107,"column":58}},"41":{"start":{"line":109,"column":12},"end":{"line":109,"column":59}},"42":{"start":{"line":113,"column":4},"end":{"line":113,"column":15}},"43":{"start":{"line":115,"column":27},"end":{"line":136,"column":1}},"44":{"start":{"line":116,"column":4},"end":{"line":116,"column":51}},"45":{"start":{"line":118,"column":4},"end":{"line":133,"column":5}},"46":{"start":{"line":119,"column":8},"end":{"line":126,"column":10}},"47":{"start":{"line":128,"column":8},"end":{"line":132,"column":9}},"48":{"start":{"line":129,"column":12},"end":{"line":129,"column":59}},"49":{"start":{"line":131,"column":12},"end":{"line":131,"column":58}},"50":{"start":{"line":135,"column":4},"end":{"line":135,"column":15}}},"fnMap":{"0":{"name":"(anonymous_0)","decl":{"start":{"line":15,"column":23},"end":{"line":15,"column":24}},"loc":{"start":{"line":15,"column":39},"end":{"line":17,"column":1}},"line":15},"1":{"name":"(anonymous_1)","decl":{"start":{"line":18,"column":26},"end":{"line":18,"column":27}},"loc":{"start":{"line":18,"column":45},"end":{"line":20,"column":1}},"line":18},"2":{"name":"(anonymous_2)","decl":{"start":{"line":23,"column":24},"end":{"line":23,"column":25}},"loc":{"start":{"line":23,"column":47},"end":{"line":32,"column":1}},"line":23},"3":{"name":"(anonymous_3)","decl":{"start":{"line":27,"column":37},"end":{"line":27,"column":38}},"loc":{"start":{"line":27,"column":45},"end":{"line":29,"column":9}},"line":27},"4":{"name":"(anonymous_4)","decl":{"start":{"line":34,"column":27},"end":{"line":34,"column":28}},"loc":{"start":{"line":34,"column":53},"end":{"line":43,"column":1}},"line":34},"5":{"name":"(anonymous_5)","decl":{"start":{"line":38,"column":40},"end":{"line":38,"column":41}},"loc":{"start":{"line":38,"column":48},"end":{"line":40,"column":9}},"line":38},"6":{"name":"(anonymous_6)","decl":{"start":{"line":47,"column":22},"end":{"line":47,"column":23}},"loc":{"start":{"line":47,"column":44},"end":{"line":69,"column":1}},"line":47},"7":{"name":"(anonymous_7)","decl":{"start":{"line":70,"column":24},"end":{"line":70,"column":25}},"loc":{"start":{"line":70,"column":46},"end":{"line":91,"column":1}},"line":70},"8":{"name":"(anonymous_8)","decl":{"start":{"line":92,"column":25},"end":{"line":92,"column":26}},"loc":{"start":{"line":92,"column":50},"end":{"line":114,"column":1}},"line":92},"9":{"name":"(anonymous_9)","decl":{"start":{"line":115,"column":27},"end":{"line":115,"column":28}},"loc":{"start":{"line":115,"column":52},"end":{"line":136,"column":1}},"line":115}},"branchMap":{"0":{"loc":{"start":{"line":24,"column":4},"end":{"line":30,"column":5}},"type":"if","locations":[{"start":{"line":24,"column":4},"end":{"line":30,"column":5}},{"start":{"line":26,"column":11},"end":{"line":30,"column":5}}],"line":24},"1":{"loc":{"start":{"line":35,"column":4},"end":{"line":41,"column":5}},"type":"if","locations":[{"start":{"line":35,"column":4},"end":{"line":41,"column":5}},{"start":{"line":37,"column":11},"end":{"line":41,"column":5}}],"line":35},"2":{"loc":{"start":{"line":61,"column":8},"end":{"line":65,"column":9}},"type":"if","locations":[{"start":{"line":61,"column":8},"end":{"line":65,"column":9}},{"start":{"line":63,"column":15},"end":{"line":65,"column":9}}],"line":61},"3":{"loc":{"start":{"line":83,"column":8},"end":{"line":87,"column":9}},"type":"if","locations":[{"start":{"line":83,"column":8},"end":{"line":87,"column":9}},{"start":{"line":85,"column":15},"end":{"line":87,"column":9}}],"line":83},"4":{"loc":{"start":{"line":106,"column":8},"end":{"line":110,"column":9}},"type":"if","locations":[{"start":{"line":106,"column":8},"end":{"line":110,"column":9}},{"start":{"line":108,"column":15},"end":{"line":110,"column":9}}],"line":106},"5":{"loc":{"start":{"line":128,"column":8},"end":{"line":132,"column":9}},"type":"if","locations":[{"start":{"line":128,"column":8},"end":{"line":132,"column":9}},{"start":{"line":130,"column":15},"end":{"line":132,"column":9}}],"line":128}},"s":{"0":0,"1":0,"2":0,"3":0,"4":0,"5":0,"6":0,"7":0,"8":0,"9":0,"10":0,"11":0,"12":0,"13":0,"14":0,"15":0,"16":0,"17":0,"18":0,"19":0,"20":0,"21":0,"22":0,"23":0,"24":0,"25":0,"26":0,"27":0,"28":0,"29":0,"30":0,"31":0,"32":0,"33":0,"34":0,"35":0,"36":0,"37":0,"38":0,"39":0,"40":0,"41":0,"42":0,"43":0,"44":0,"45":0,"46":0,"47":0,"48":0,"49":0,"50":0},"f":{"0":0,"1":0,"2":0,"3":0,"4":0,"5":0,"6":0,"7":0,"8":0,"9":0},"b":{"0":[0,0],"1":[0,0],"2":[0,0],"3":[0,0],"4":[0,0],"5":[0,0]}}
,"C:\\Users\\52111\\Projects\\dream-net\\app\\src\\store\\modules\\likes.js": {"path":"C:\\Users\\52111\\Projects\\dream-net\\app\\src\\store\\modules\\likes.js","statementMap":{"0":{"start":{"line":10,"column":19},"end":{"line":10,"column":26}},"1":{"start":{"line":12,"column":22},"end":{"line":12,"column":29}},"2":{"start":{"line":15,"column":21},"end":{"line":17,"column":1}},"3":{"start":{"line":16,"column":4},"end":{"line":16,"column":44}},"4":{"start":{"line":18,"column":24},"end":{"line":20,"column":1}},"5":{"start":{"line":19,"column":4},"end":{"line":19,"column":50}},"6":{"start":{"line":23,"column":23},"end":{"line":32,"column":1}},"7":{"start":{"line":24,"column":4},"end":{"line":30,"column":5}},"8":{"start":{"line":25,"column":8},"end":{"line":25,"column":37}},"9":{"start":{"line":27,"column":8},"end":{"line":29,"column":10}},"10":{"start":{"line":28,"column":12},"end":{"line":28,"column":32}},"11":{"start":{"line":31,"column":4},"end":{"line":31,"column":47}},"12":{"start":{"line":34,"column":26},"end":{"line":43,"column":1}},"13":{"start":{"line":35,"column":4},"end":{"line":41,"column":5}},"14":{"start":{"line":36,"column":8},"end":{"line":36,"column":43}},"15":{"start":{"line":38,"column":8},"end":{"line":40,"column":10}},"16":{"start":{"line":39,"column":12},"end":{"line":39,"column":35}},"17":{"start":{"line":42,"column":4},"end":{"line":42,"column":53}},"18":{"start":{"line":46,"column":14},"end":{"line":46,"column":24}},"19":{"start":{"line":47,"column":21},"end":{"line":69,"column":1}},"20":{"start":{"line":48,"column":4},"end":{"line":48,"column":42}},"21":{"start":{"line":50,"column":4},"end":{"line":66,"column":5}},"22":{"start":{"line":51,"column":8},"end":{"line":59,"column":10}},"23":{"start":{"line":61,"column":8},"end":{"line":65,"column":9}},"24":{"start":{"line":62,"column":12},"end":{"line":62,"column":51}},"25":{"start":{"line":64,"column":12},"end":{"line":64,"column":52}},"26":{"start":{"line":68,"column":4},"end":{"line":68,"column":15}},"27":{"start":{"line":70,"column":23},"end":{"line":91,"column":1}},"28":{"start":{"line":71,"column":4},"end":{"line":71,"column":43}},"29":{"start":{"line":73,"column":4},"end":{"line":88,"column":5}},"30":{"start":{"line":74,"column":8},"end":{"line":81,"column":10}},"31":{"start":{"line":83,"column":8},"end":{"line":87,"column":9}},"32":{"start":{"line":84,"column":12},"end":{"line":84,"column":52}},"33":{"start":{"line":86,"column":12},"end":{"line":86,"column":51}},"34":{"start":{"line":90,"column":4},"end":{"line":90,"column":15}},"35":{"start":{"line":92,"column":24},"end":{"line":114,"column":1}},"36":{"start":{"line":93,"column":4},"end":{"line":93,"column":48}},"37":{"start":{"line":95,"column":4},"end":{"line":111,"column":5}},"38":{"start":{"line":96,"column":8},"end":{"line":104,"column":10}},"39":{"start":{"line":106,"column":8},"end":{"line":110,"column":9}},"40":{"start":{"line":107,"column":12},"end":{"line":107,"column":57}},"41":{"start":{"line":109,"column":12},"end":{"line":109,"column":58}},"42":{"start":{"line":113,"column":4},"end":{"line":113,"column":15}},"43":{"start":{"line":115,"column":26},"end":{"line":136,"column":1}},"44":{"start":{"line":116,"column":4},"end":{"line":116,"column":49}},"45":{"start":{"line":118,"column":4},"end":{"line":133,"column":5}},"46":{"start":{"line":119,"column":8},"end":{"line":126,"column":10}},"47":{"start":{"line":128,"column":8},"end":{"line":132,"column":9}},"48":{"start":{"line":129,"column":12},"end":{"line":129,"column":58}},"49":{"start":{"line":131,"column":12},"end":{"line":131,"column":57}},"50":{"start":{"line":135,"column":4},"end":{"line":135,"column":15}}},"fnMap":{"0":{"name":"(anonymous_0)","decl":{"start":{"line":15,"column":21},"end":{"line":15,"column":22}},"loc":{"start":{"line":15,"column":37},"end":{"line":17,"column":1}},"line":15},"1":{"name":"(anonymous_1)","decl":{"start":{"line":18,"column":24},"end":{"line":18,"column":25}},"loc":{"start":{"line":18,"column":43},"end":{"line":20,"column":1}},"line":18},"2":{"name":"(anonymous_2)","decl":{"start":{"line":23,"column":23},"end":{"line":23,"column":24}},"loc":{"start":{"line":23,"column":45},"end":{"line":32,"column":1}},"line":23},"3":{"name":"(anonymous_3)","decl":{"start":{"line":27,"column":35},"end":{"line":27,"column":36}},"loc":{"start":{"line":27,"column":43},"end":{"line":29,"column":9}},"line":27},"4":{"name":"(anonymous_4)","decl":{"start":{"line":34,"column":26},"end":{"line":34,"column":27}},"loc":{"start":{"line":34,"column":51},"end":{"line":43,"column":1}},"line":34},"5":{"name":"(anonymous_5)","decl":{"start":{"line":38,"column":38},"end":{"line":38,"column":39}},"loc":{"start":{"line":38,"column":46},"end":{"line":40,"column":9}},"line":38},"6":{"name":"(anonymous_6)","decl":{"start":{"line":47,"column":21},"end":{"line":47,"column":22}},"loc":{"start":{"line":47,"column":43},"end":{"line":69,"column":1}},"line":47},"7":{"name":"(anonymous_7)","decl":{"start":{"line":70,"column":23},"end":{"line":70,"column":24}},"loc":{"start":{"line":70,"column":45},"end":{"line":91,"column":1}},"line":70},"8":{"name":"(anonymous_8)","decl":{"start":{"line":92,"column":24},"end":{"line":92,"column":25}},"loc":{"start":{"line":92,"column":49},"end":{"line":114,"column":1}},"line":92},"9":{"name":"(anonymous_9)","decl":{"start":{"line":115,"column":26},"end":{"line":115,"column":27}},"loc":{"start":{"line":115,"column":51},"end":{"line":136,"column":1}},"line":115}},"branchMap":{"0":{"loc":{"start":{"line":24,"column":4},"end":{"line":30,"column":5}},"type":"if","locations":[{"start":{"line":24,"column":4},"end":{"line":30,"column":5}},{"start":{"line":26,"column":11},"end":{"line":30,"column":5}}],"line":24},"1":{"loc":{"start":{"line":35,"column":4},"end":{"line":41,"column":5}},"type":"if","locations":[{"start":{"line":35,"column":4},"end":{"line":41,"column":5}},{"start":{"line":37,"column":11},"end":{"line":41,"column":5}}],"line":35},"2":{"loc":{"start":{"line":61,"column":8},"end":{"line":65,"column":9}},"type":"if","locations":[{"start":{"line":61,"column":8},"end":{"line":65,"column":9}},{"start":{"line":63,"column":15},"end":{"line":65,"column":9}}],"line":61},"3":{"loc":{"start":{"line":83,"column":8},"end":{"line":87,"column":9}},"type":"if","locations":[{"start":{"line":83,"column":8},"end":{"line":87,"column":9}},{"start":{"line":85,"column":15},"end":{"line":87,"column":9}}],"line":83},"4":{"loc":{"start":{"line":106,"column":8},"end":{"line":110,"column":9}},"type":"if","locations":[{"start":{"line":106,"column":8},"end":{"line":110,"column":9}},{"start":{"line":108,"column":15},"end":{"line":110,"column":9}}],"line":106},"5":{"loc":{"start":{"line":128,"column":8},"end":{"line":132,"column":9}},"type":"if","locations":[{"start":{"line":128,"column":8},"end":{"line":132,"column":9}},{"start":{"line":130,"column":15},"end":{"line":132,"column":9}}],"line":128}},"s":{"0":0,"1":0,"2":0,"3":0,"4":0,"5":0,"6":0,"7":0,"8":0,"9":0,"10":0,"11":0,"12":0,"13":0,"14":0,"15":0,"16":0,"17":0,"18":0,"19":0,"20":0,"21":0,"22":0,"23":0,"24":0,"25":0,"26":0,"27":0,"28":0,"29":0,"30":0,"31":0,"32":0,"33":0,"34":0,"35":0,"36":0,"37":0,"38":0,"39":0,"40":0,"41":0,"42":0,"43":0,"44":0,"45":0,"46":0,"47":0,"48":0,"49":0,"50":0},"f":{"0":0,"1":0,"2":0,"3":0,"4":0,"5":0,"6":0,"7":0,"8":0,"9":0},"b":{"0":[0,0],"1":[0,0],"2":[0,0],"3":[0,0],"4":[0,0],"5":[0,0]}}
,"C:\\Users\\52111\\Projects\\dream-net\\app\\src\\store\\modules\\posts.js": {"path":"C:\\Users\\52111\\Projects\\dream-net\\app\\src\\store\\modules\\posts.js","statementMap":{"0":{"start":{"line":14,"column":13},"end":{"line":16,"column":2}},"1":{"start":{"line":19,"column":17},"end":{"line":22,"column":2}},"2":{"start":{"line":24,"column":15},"end":{"line":27,"column":2}},"3":{"start":{"line":30,"column":19},"end":{"line":30,"column":28}},"4":{"start":{"line":33,"column":14},"end":{"line":35,"column":2}},"5":{"start":{"line":34,"column":4},"end":{"line":34,"column":27}},"6":{"start":{"line":37,"column":25},"end":{"line":44,"column":2}},"7":{"start":{"line":38,"column":4},"end":{"line":43,"column":5}},"8":{"start":{"line":40,"column":12},"end":{"line":40,"column":43}},"9":{"start":{"line":46,"column":23},"end":{"line":53,"column":2}},"10":{"start":{"line":47,"column":4},"end":{"line":52,"column":5}},"11":{"start":{"line":49,"column":12},"end":{"line":49,"column":43}},"12":{"start":{"line":55,"column":27},"end":{"line":57,"column":2}},"13":{"start":{"line":56,"column":4},"end":{"line":56,"column":51}},"14":{"start":{"line":61,"column":18},"end":{"line":68,"column":1}},"15":{"start":{"line":63,"column":4},"end":{"line":65,"column":5}},"16":{"start":{"line":64,"column":8},"end":{"line":64,"column":29}},"17":{"start":{"line":67,"column":4},"end":{"line":67,"column":44}},"18":{"start":{"line":70,"column":19},"end":{"line":76,"column":1}},"19":{"start":{"line":71,"column":4},"end":{"line":73,"column":5}},"20":{"start":{"line":72,"column":8},"end":{"line":72,"column":27}},"21":{"start":{"line":75,"column":4},"end":{"line":75,"column":44}},"22":{"start":{"line":78,"column":28},"end":{"line":82,"column":1}},"23":{"start":{"line":79,"column":4},"end":{"line":81,"column":6}},"24":{"start":{"line":80,"column":8},"end":{"line":80,"column":28}},"25":{"start":{"line":84,"column":18},"end":{"line":86,"column":1}},"26":{"start":{"line":85,"column":4},"end":{"line":85,"column":40}},"27":{"start":{"line":88,"column":25},"end":{"line":90,"column":1}},"28":{"start":{"line":89,"column":4},"end":{"line":89,"column":27}},"29":{"start":{"line":93,"column":38},"end":{"line":101,"column":1}},"30":{"start":{"line":94,"column":4},"end":{"line":99,"column":5}},"31":{"start":{"line":97,"column":40},"end":{"line":97,"column":47}},"32":{"start":{"line":100,"column":4},"end":{"line":100,"column":39}},"33":{"start":{"line":102,"column":36},"end":{"line":108,"column":1}},"34":{"start":{"line":103,"column":4},"end":{"line":106,"column":5}},"35":{"start":{"line":105,"column":36},"end":{"line":105,"column":43}},"36":{"start":{"line":107,"column":4},"end":{"line":107,"column":37}},"37":{"start":{"line":111,"column":22},"end":{"line":113,"column":1}},"38":{"start":{"line":112,"column":4},"end":{"line":112,"column":29}},"39":{"start":{"line":116,"column":33},"end":{"line":130,"column":1}},"40":{"start":{"line":117,"column":23},"end":{"line":117,"column":52}},"41":{"start":{"line":119,"column":26},"end":{"line":122,"column":5}},"42":{"start":{"line":120,"column":37},"end":{"line":120,"column":44}},"43":{"start":{"line":124,"column":4},"end":{"line":126,"column":6}},"44":{"start":{"line":125,"column":8},"end":{"line":125,"column":62}},"45":{"start":{"line":127,"column":4},"end":{"line":129,"column":6}},"46":{"start":{"line":128,"column":8},"end":{"line":128,"column":61}},"47":{"start":{"line":132,"column":22},"end":{"line":134,"column":1}},"48":{"start":{"line":133,"column":4},"end":{"line":133,"column":77}},"49":{"start":{"line":133,"column":43},"end":{"line":133,"column":53}},"50":{"start":{"line":133,"column":69},"end":{"line":133,"column":76}},"51":{"start":{"line":137,"column":34},"end":{"line":150,"column":1}},"52":{"start":{"line":138,"column":25},"end":{"line":138,"column":56}},"53":{"start":{"line":139,"column":28},"end":{"line":142,"column":5}},"54":{"start":{"line":140,"column":37},"end":{"line":140,"column":44}},"55":{"start":{"line":144,"column":4},"end":{"line":146,"column":6}},"56":{"start":{"line":145,"column":8},"end":{"line":145,"column":65}},"57":{"start":{"line":147,"column":4},"end":{"line":149,"column":6}},"58":{"start":{"line":148,"column":8},"end":{"line":148,"column":64}},"59":{"start":{"line":152,"column":24},"end":{"line":154,"column":1}},"60":{"start":{"line":153,"column":4},"end":{"line":153,"column":79}},"61":{"start":{"line":153,"column":43},"end":{"line":153,"column":55}},"62":{"start":{"line":153,"column":71},"end":{"line":153,"column":78}},"63":{"start":{"line":157,"column":14},"end":{"line":157,"column":24}},"64":{"start":{"line":158,"column":27},"end":{"line":181,"column":1}},"65":{"start":{"line":161,"column":21},"end":{"line":168,"column":6}},"66":{"start":{"line":171,"column":4},"end":{"line":171,"column":38}},"67":{"start":{"line":174,"column":4},"end":{"line":174,"column":43}},"68":{"start":{"line":177,"column":4},"end":{"line":177,"column":43}},"69":{"start":{"line":180,"column":4},"end":{"line":180,"column":44}},"70":{"start":{"line":183,"column":18},"end":{"line":200,"column":1}},"71":{"start":{"line":184,"column":21},"end":{"line":188,"column":6}},"72":{"start":{"line":190,"column":4},"end":{"line":190,"column":29}},"73":{"start":{"line":192,"column":4},"end":{"line":195,"column":6}},"74":{"start":{"line":196,"column":4},"end":{"line":199,"column":6}},"75":{"start":{"line":202,"column":17},"end":{"line":222,"column":1}},"76":{"start":{"line":203,"column":21},"end":{"line":213,"column":6}},"77":{"start":{"line":216,"column":4},"end":{"line":216,"column":28}},"78":{"start":{"line":219,"column":4},"end":{"line":219,"column":50}},"79":{"start":{"line":221,"column":4},"end":{"line":221,"column":24}}},"fnMap":{"0":{"name":"(anonymous_0)","decl":{"start":{"line":33,"column":23},"end":{"line":33,"column":24}},"loc":{"start":{"line":33,"column":29},"end":{"line":35,"column":1}},"line":33},"1":{"name":"(anonymous_1)","decl":{"start":{"line":37,"column":34},"end":{"line":37,"column":35}},"loc":{"start":{"line":37,"column":40},"end":{"line":44,"column":1}},"line":37},"2":{"name":"(anonymous_2)","decl":{"start":{"line":39,"column":40},"end":{"line":39,"column":41}},"loc":{"start":{"line":39,"column":52},"end":{"line":41,"column":9}},"line":39},"3":{"name":"(anonymous_3)","decl":{"start":{"line":46,"column":32},"end":{"line":46,"column":33}},"loc":{"start":{"line":46,"column":38},"end":{"line":53,"column":1}},"line":46},"4":{"name":"(anonymous_4)","decl":{"start":{"line":48,"column":38},"end":{"line":48,"column":39}},"loc":{"start":{"line":48,"column":50},"end":{"line":50,"column":9}},"line":48},"5":{"name":"(anonymous_5)","decl":{"start":{"line":55,"column":36},"end":{"line":55,"column":37}},"loc":{"start":{"line":55,"column":42},"end":{"line":57,"column":1}},"line":55},"6":{"name":"(anonymous_6)","decl":{"start":{"line":61,"column":18},"end":{"line":61,"column":19}},"loc":{"start":{"line":61,"column":32},"end":{"line":68,"column":1}},"line":61},"7":{"name":"(anonymous_7)","decl":{"start":{"line":70,"column":19},"end":{"line":70,"column":20}},"loc":{"start":{"line":70,"column":33},"end":{"line":76,"column":1}},"line":70},"8":{"name":"(anonymous_8)","decl":{"start":{"line":78,"column":28},"end":{"line":78,"column":29}},"loc":{"start":{"line":78,"column":43},"end":{"line":82,"column":1}},"line":78},"9":{"name":"(anonymous_9)","decl":{"start":{"line":79,"column":22},"end":{"line":79,"column":23}},"loc":{"start":{"line":79,"column":36},"end":{"line":81,"column":5}},"line":79},"10":{"name":"(anonymous_10)","decl":{"start":{"line":84,"column":18},"end":{"line":84,"column":19}},"loc":{"start":{"line":84,"column":32},"end":{"line":86,"column":1}},"line":84},"11":{"name":"(anonymous_11)","decl":{"start":{"line":88,"column":25},"end":{"line":88,"column":26}},"loc":{"start":{"line":88,"column":31},"end":{"line":90,"column":1}},"line":88},"12":{"name":"(anonymous_12)","decl":{"start":{"line":93,"column":38},"end":{"line":93,"column":39}},"loc":{"start":{"line":93,"column":52},"end":{"line":101,"column":1}},"line":93},"13":{"name":"(anonymous_13)","decl":{"start":{"line":97,"column":30},"end":{"line":97,"column":31}},"loc":{"start":{"line":97,"column":40},"end":{"line":97,"column":47}},"line":97},"14":{"name":"(anonymous_14)","decl":{"start":{"line":102,"column":36},"end":{"line":102,"column":37}},"loc":{"start":{"line":102,"column":50},"end":{"line":108,"column":1}},"line":102},"15":{"name":"(anonymous_15)","decl":{"start":{"line":105,"column":26},"end":{"line":105,"column":27}},"loc":{"start":{"line":105,"column":36},"end":{"line":105,"column":43}},"line":105},"16":{"name":"(anonymous_16)","decl":{"start":{"line":111,"column":22},"end":{"line":111,"column":23}},"loc":{"start":{"line":111,"column":38},"end":{"line":113,"column":1}},"line":111},"17":{"name":"(anonymous_17)","decl":{"start":{"line":116,"column":33},"end":{"line":116,"column":34}},"loc":{"start":{"line":116,"column":53},"end":{"line":130,"column":1}},"line":116},"18":{"name":"(anonymous_18)","decl":{"start":{"line":120,"column":27},"end":{"line":120,"column":28}},"loc":{"start":{"line":120,"column":37},"end":{"line":120,"column":44}},"line":120},"19":{"name":"(anonymous_19)","decl":{"start":{"line":124,"column":26},"end":{"line":124,"column":27}},"loc":{"start":{"line":124,"column":34},"end":{"line":126,"column":5}},"line":124},"20":{"name":"(anonymous_20)","decl":{"start":{"line":127,"column":23},"end":{"line":127,"column":24}},"loc":{"start":{"line":127,"column":31},"end":{"line":129,"column":5}},"line":127},"21":{"name":"(anonymous_21)","decl":{"start":{"line":132,"column":22},"end":{"line":132,"column":23}},"loc":{"start":{"line":132,"column":42},"end":{"line":134,"column":1}},"line":132},"22":{"name":"(anonymous_22)","decl":{"start":{"line":133,"column":33},"end":{"line":133,"column":34}},"loc":{"start":{"line":133,"column":43},"end":{"line":133,"column":53}},"line":133},"23":{"name":"(anonymous_23)","decl":{"start":{"line":133,"column":59},"end":{"line":133,"column":60}},"loc":{"start":{"line":133,"column":69},"end":{"line":133,"column":76}},"line":133},"24":{"name":"(anonymous_24)","decl":{"start":{"line":137,"column":34},"end":{"line":137,"column":35}},"loc":{"start":{"line":137,"column":54},"end":{"line":150,"column":1}},"line":137},"25":{"name":"(anonymous_25)","decl":{"start":{"line":140,"column":27},"end":{"line":140,"column":28}},"loc":{"start":{"line":140,"column":37},"end":{"line":140,"column":44}},"line":140},"26":{"name":"(anonymous_26)","decl":{"start":{"line":144,"column":28},"end":{"line":144,"column":29}},"loc":{"start":{"line":144,"column":36},"end":{"line":146,"column":5}},"line":144},"27":{"name":"(anonymous_27)","decl":{"start":{"line":147,"column":25},"end":{"line":147,"column":26}},"loc":{"start":{"line":147,"column":33},"end":{"line":149,"column":5}},"line":147},"28":{"name":"(anonymous_28)","decl":{"start":{"line":152,"column":24},"end":{"line":152,"column":25}},"loc":{"start":{"line":152,"column":44},"end":{"line":154,"column":1}},"line":152},"29":{"name":"(anonymous_29)","decl":{"start":{"line":153,"column":33},"end":{"line":153,"column":34}},"loc":{"start":{"line":153,"column":43},"end":{"line":153,"column":55}},"line":153},"30":{"name":"(anonymous_30)","decl":{"start":{"line":153,"column":61},"end":{"line":153,"column":62}},"loc":{"start":{"line":153,"column":71},"end":{"line":153,"column":78}},"line":153},"31":{"name":"(anonymous_31)","decl":{"start":{"line":158,"column":27},"end":{"line":158,"column":28}},"loc":{"start":{"line":160,"column":5},"end":{"line":181,"column":1}},"line":160},"32":{"name":"(anonymous_32)","decl":{"start":{"line":183,"column":18},"end":{"line":183,"column":19}},"loc":{"start":{"line":183,"column":40},"end":{"line":200,"column":1}},"line":183},"33":{"name":"(anonymous_33)","decl":{"start":{"line":202,"column":17},"end":{"line":202,"column":18}},"loc":{"start":{"line":202,"column":61},"end":{"line":222,"column":1}},"line":202}},"branchMap":{"0":{"loc":{"start":{"line":56,"column":11},"end":{"line":56,"column":51}},"type":"binary-expr","locations":[{"start":{"line":56,"column":11},"end":{"line":56,"column":45}},{"start":{"line":56,"column":49},"end":{"line":56,"column":51}}],"line":56},"1":{"loc":{"start":{"line":63,"column":4},"end":{"line":65,"column":5}},"type":"if","locations":[{"start":{"line":63,"column":4},"end":{"line":65,"column":5}},{"start":{},"end":{}}],"line":63},"2":{"loc":{"start":{"line":71,"column":4},"end":{"line":73,"column":5}},"type":"if","locations":[{"start":{"line":71,"column":4},"end":{"line":73,"column":5}},{"start":{},"end":{}}],"line":71},"3":{"loc":{"start":{"line":159,"column":4},"end":{"line":159,"column":55}},"type":"default-arg","locations":[{"start":{"line":159,"column":32},"end":{"line":159,"column":55}}],"line":159}},"s":{"0":0,"1":0,"2":0,"3":0,"4":0,"5":0,"6":0,"7":0,"8":0,"9":0,"10":0,"11":0,"12":0,"13":0,"14":0,"15":0,"16":0,"17":0,"18":0,"19":0,"20":0,"21":0,"22":0,"23":0,"24":0,"25":0,"26":0,"27":0,"28":0,"29":0,"30":0,"31":0,"32":0,"33":0,"34":0,"35":0,"36":0,"37":0,"38":0,"39":0,"40":0,"41":0,"42":0,"43":0,"44":0,"45":0,"46":0,"47":0,"48":0,"49":0,"50":0,"51":0,"52":0,"53":0,"54":0,"55":0,"56":0,"57":0,"58":0,"59":0,"60":0,"61":0,"62":0,"63":0,"64":0,"65":0,"66":0,"67":0,"68":0,"69":0,"70":0,"71":0,"72":0,"73":0,"74":0,"75":0,"76":0,"77":0,"78":0,"79":0},"f":{"0":0,"1":0,"2":0,"3":0,"4":0,"5":0,"6":0,"7":0,"8":0,"9":0,"10":0,"11":0,"12":0,"13":0,"14":0,"15":0,"16":0,"17":0,"18":0,"19":0,"20":0,"21":0,"22":0,"23":0,"24":0,"25":0,"26":0,"27":0,"28":0,"29":0,"30":0,"31":0,"32":0,"33":0},"b":{"0":[0,0],"1":[0,0],"2":[0,0],"3":[0]}}
,"C:\\Users\\52111\\Projects\\dream-net\\app\\src\\store\\modules\\users.js": {"path":"C:\\Users\\52111\\Projects\\dream-net\\app\\src\\store\\modules\\users.js","statementMap":{},"fnMap":{},"branchMap":{},"s":{},"f":{},"b":{}}
,"C:\\Users\\52111\\Projects\\dream-net\\app\\src\\stories\\components\\atoms\\button.stories.js": {"path":"C:\\Users\\52111\\Projects\\dream-net\\app\\src\\stories\\components\\atoms\\button.stories.js","statementMap":{"0":{"start":{"line":24,"column":17},"end":{"line":33,"column":2}},"1":{"start":{"line":24,"column":42},"end":{"line":33,"column":1}},"2":{"start":{"line":27,"column":8},"end":{"line":29,"column":9}},"3":{"start":{"line":35,"column":23},"end":{"line":35,"column":40}},"4":{"start":{"line":37,"column":0},"end":{"line":40,"column":1}},"5":{"start":{"line":42,"column":25},"end":{"line":42,"column":42}},"6":{"start":{"line":43,"column":0},"end":{"line":46,"column":1}},"7":{"start":{"line":48,"column":27},"end":{"line":48,"column":44}},"8":{"start":{"line":49,"column":0},"end":{"line":52,"column":1}},"9":{"start":{"line":54,"column":21},"end":{"line":54,"column":38}},"10":{"start":{"line":55,"column":0},"end":{"line":59,"column":1}},"11":{"start":{"line":61,"column":21},"end":{"line":61,"column":38}},"12":{"start":{"line":62,"column":0},"end":{"line":66,"column":1}}},"fnMap":{"0":{"name":"(anonymous_0)","decl":{"start":{"line":24,"column":17},"end":{"line":24,"column":18}},"loc":{"start":{"line":24,"column":42},"end":{"line":33,"column":1}},"line":24},"1":{"name":"(anonymous_1)","decl":{"start":{"line":26,"column":4},"end":{"line":26,"column":5}},"loc":{"start":{"line":26,"column":12},"end":{"line":30,"column":5}},"line":26}},"branchMap":{},"s":{"0":0,"1":0,"2":0,"3":0,"4":0,"5":0,"6":0,"7":0,"8":0,"9":0,"10":0,"11":0,"12":0},"f":{"0":0,"1":0},"b":{}}
,"C:\\Users\\52111\\Projects\\dream-net\\app\\src\\stories\\components\\atoms\\date-picker.stories.js": {"path":"C:\\Users\\52111\\Projects\\dream-net\\app\\src\\stories\\components\\atoms\\date-picker.stories.js","statementMap":{"0":{"start":{"line":9,"column":17},"end":{"line":19,"column":2}},"1":{"start":{"line":9,"column":42},"end":{"line":19,"column":1}},"2":{"start":{"line":13,"column":8},"end":{"line":16,"column":9}},"3":{"start":{"line":21,"column":23},"end":{"line":21,"column":40}},"4":{"start":{"line":22,"column":0},"end":{"line":22,"column":17}}},"fnMap":{"0":{"name":"(anonymous_0)","decl":{"start":{"line":9,"column":17},"end":{"line":9,"column":18}},"loc":{"start":{"line":9,"column":42},"end":{"line":19,"column":1}},"line":9},"1":{"name":"(anonymous_1)","decl":{"start":{"line":12,"column":4},"end":{"line":12,"column":5}},"loc":{"start":{"line":12,"column":12},"end":{"line":17,"column":5}},"line":12}},"branchMap":{},"s":{"0":0,"1":0,"2":0,"3":0,"4":0},"f":{"0":0,"1":0},"b":{}}
,"C:\\Users\\52111\\Projects\\dream-net\\app\\src\\stories\\components\\atoms\\editor.stories.js": {"path":"C:\\Users\\52111\\Projects\\dream-net\\app\\src\\stories\\components\\atoms\\editor.stories.js","statementMap":{"0":{"start":{"line":10,"column":17},"end":{"line":31,"column":2}},"1":{"start":{"line":10,"column":42},"end":{"line":31,"column":1}},"2":{"start":{"line":14,"column":27},"end":{"line":14,"column":34}},"3":{"start":{"line":15,"column":8},"end":{"line":15,"column":42}},"4":{"start":{"line":17,"column":8},"end":{"line":21,"column":9}},"5":{"start":{"line":33,"column":19},"end":{"line":39,"column":1}},"6":{"start":{"line":41,"column":23},"end":{"line":41,"column":40}},"7":{"start":{"line":42,"column":0},"end":{"line":44,"column":1}},"8":{"start":{"line":46,"column":22},"end":{"line":46,"column":39}},"9":{"start":{"line":47,"column":0},"end":{"line":51,"column":1}},"10":{"start":{"line":53,"column":24},"end":{"line":53,"column":41}},"11":{"start":{"line":54,"column":0},"end":{"line":57,"column":1}}},"fnMap":{"0":{"name":"(anonymous_0)","decl":{"start":{"line":10,"column":17},"end":{"line":10,"column":18}},"loc":{"start":{"line":10,"column":42},"end":{"line":31,"column":1}},"line":10},"1":{"name":"(anonymous_1)","decl":{"start":{"line":13,"column":4},"end":{"line":13,"column":5}},"loc":{"start":{"line":13,"column":12},"end":{"line":22,"column":5}},"line":13}},"branchMap":{},"s":{"0":0,"1":0,"2":0,"3":0,"4":0,"5":0,"6":0,"7":0,"8":0,"9":0,"10":0,"11":0},"f":{"0":0,"1":0},"b":{}}
,"C:\\Users\\52111\\Projects\\dream-net\\app\\src\\stories\\components\\atoms\\icon-button.stories.js": {"path":"C:\\Users\\52111\\Projects\\dream-net\\app\\src\\stories\\components\\atoms\\icon-button.stories.js","statementMap":{"0":{"start":{"line":25,"column":17},"end":{"line":36,"column":2}},"1":{"start":{"line":25,"column":42},"end":{"line":36,"column":1}},"2":{"start":{"line":28,"column":8},"end":{"line":28,"column":51}},"3":{"start":{"line":30,"column":8},"end":{"line":32,"column":9}},"4":{"start":{"line":38,"column":23},"end":{"line":38,"column":40}},"5":{"start":{"line":40,"column":0},"end":{"line":42,"column":1}},"6":{"start":{"line":44,"column":25},"end":{"line":44,"column":42}},"7":{"start":{"line":45,"column":0},"end":{"line":47,"column":1}},"8":{"start":{"line":49,"column":27},"end":{"line":49,"column":44}},"9":{"start":{"line":50,"column":0},"end":{"line":52,"column":1}},"10":{"start":{"line":54,"column":21},"end":{"line":54,"column":38}},"11":{"start":{"line":55,"column":0},"end":{"line":58,"column":1}},"12":{"start":{"line":60,"column":21},"end":{"line":60,"column":38}},"13":{"start":{"line":61,"column":0},"end":{"line":64,"column":1}}},"fnMap":{"0":{"name":"(anonymous_0)","decl":{"start":{"line":25,"column":17},"end":{"line":25,"column":18}},"loc":{"start":{"line":25,"column":42},"end":{"line":36,"column":1}},"line":25},"1":{"name":"(anonymous_1)","decl":{"start":{"line":27,"column":4},"end":{"line":27,"column":5}},"loc":{"start":{"line":27,"column":12},"end":{"line":33,"column":5}},"line":27}},"branchMap":{},"s":{"0":0,"1":0,"2":0,"3":0,"4":0,"5":0,"6":0,"7":0,"8":0,"9":0,"10":0,"11":0,"12":0,"13":0},"f":{"0":0,"1":0},"b":{}}
,"C:\\Users\\52111\\Projects\\dream-net\\app\\src\\stories\\components\\atoms\\menu-item.stories.js": {"path":"C:\\Users\\52111\\Projects\\dream-net\\app\\src\\stories\\components\\atoms\\menu-item.stories.js","statementMap":{"0":{"start":{"line":9,"column":17},"end":{"line":19,"column":2}},"1":{"start":{"line":9,"column":42},"end":{"line":19,"column":1}},"2":{"start":{"line":13,"column":8},"end":{"line":16,"column":9}},"3":{"start":{"line":21,"column":23},"end":{"line":21,"column":40}},"4":{"start":{"line":22,"column":0},"end":{"line":22,"column":17}}},"fnMap":{"0":{"name":"(anonymous_0)","decl":{"start":{"line":9,"column":17},"end":{"line":9,"column":18}},"loc":{"start":{"line":9,"column":42},"end":{"line":19,"column":1}},"line":9},"1":{"name":"(anonymous_1)","decl":{"start":{"line":12,"column":4},"end":{"line":12,"column":5}},"loc":{"start":{"line":12,"column":12},"end":{"line":17,"column":5}},"line":12}},"branchMap":{},"s":{"0":0,"1":0,"2":0,"3":0,"4":0},"f":{"0":0,"1":0},"b":{}}
,"C:\\Users\\52111\\Projects\\dream-net\\app\\src\\stories\\components\\atoms\\progress-bar.stories.js": {"path":"C:\\Users\\52111\\Projects\\dream-net\\app\\src\\stories\\components\\atoms\\progress-bar.stories.js","statementMap":{"0":{"start":{"line":9,"column":17},"end":{"line":19,"column":2}},"1":{"start":{"line":9,"column":42},"end":{"line":19,"column":1}},"2":{"start":{"line":13,"column":8},"end":{"line":16,"column":9}},"3":{"start":{"line":21,"column":23},"end":{"line":21,"column":40}},"4":{"start":{"line":22,"column":0},"end":{"line":22,"column":17}}},"fnMap":{"0":{"name":"(anonymous_0)","decl":{"start":{"line":9,"column":17},"end":{"line":9,"column":18}},"loc":{"start":{"line":9,"column":42},"end":{"line":19,"column":1}},"line":9},"1":{"name":"(anonymous_1)","decl":{"start":{"line":12,"column":4},"end":{"line":12,"column":5}},"loc":{"start":{"line":12,"column":12},"end":{"line":17,"column":5}},"line":12}},"branchMap":{},"s":{"0":0,"1":0,"2":0,"3":0,"4":0},"f":{"0":0,"1":0},"b":{}}
,"C:\\Users\\52111\\Projects\\dream-net\\app\\src\\stories\\components\\atoms\\text-input.stories.js": {"path":"C:\\Users\\52111\\Projects\\dream-net\\app\\src\\stories\\components\\atoms\\text-input.stories.js","statementMap":{"0":{"start":{"line":28,"column":17},"end":{"line":48,"column":2}},"1":{"start":{"line":28,"column":42},"end":{"line":48,"column":1}},"2":{"start":{"line":32,"column":27},"end":{"line":32,"column":34}},"3":{"start":{"line":34,"column":8},"end":{"line":38,"column":9}},"4":{"start":{"line":50,"column":23},"end":{"line":50,"column":40}},"5":{"start":{"line":51,"column":0},"end":{"line":51,"column":17}}},"fnMap":{"0":{"name":"(anonymous_0)","decl":{"start":{"line":28,"column":17},"end":{"line":28,"column":18}},"loc":{"start":{"line":28,"column":42},"end":{"line":48,"column":1}},"line":28},"1":{"name":"(anonymous_1)","decl":{"start":{"line":31,"column":4},"end":{"line":31,"column":5}},"loc":{"start":{"line":31,"column":12},"end":{"line":39,"column":5}},"line":31}},"branchMap":{},"s":{"0":0,"1":0,"2":0,"3":0,"4":0,"5":0},"f":{"0":0,"1":0},"b":{}}
,"C:\\Users\\52111\\Projects\\dream-net\\app\\src\\stories\\components\\molecules\\card.stories.js": {"path":"C:\\Users\\52111\\Projects\\dream-net\\app\\src\\stories\\components\\molecules\\card.stories.js","statementMap":{"0":{"start":{"line":9,"column":17},"end":{"line":19,"column":2}},"1":{"start":{"line":9,"column":42},"end":{"line":19,"column":1}},"2":{"start":{"line":13,"column":8},"end":{"line":16,"column":9}},"3":{"start":{"line":21,"column":23},"end":{"line":21,"column":40}},"4":{"start":{"line":22,"column":0},"end":{"line":31,"column":1}}},"fnMap":{"0":{"name":"(anonymous_0)","decl":{"start":{"line":9,"column":17},"end":{"line":9,"column":18}},"loc":{"start":{"line":9,"column":42},"end":{"line":19,"column":1}},"line":9},"1":{"name":"(anonymous_1)","decl":{"start":{"line":12,"column":4},"end":{"line":12,"column":5}},"loc":{"start":{"line":12,"column":12},"end":{"line":17,"column":5}},"line":12}},"branchMap":{},"s":{"0":0,"1":0,"2":0,"3":0,"4":0},"f":{"0":0,"1":0},"b":{}}
,"C:\\Users\\52111\\Projects\\dream-net\\app\\src\\stories\\components\\molecules\\composer.stories.js": {"path":"C:\\Users\\52111\\Projects\\dream-net\\app\\src\\stories\\components\\molecules\\composer.stories.js","statementMap":{"0":{"start":{"line":10,"column":17},"end":{"line":31,"column":2}},"1":{"start":{"line":10,"column":42},"end":{"line":31,"column":1}},"2":{"start":{"line":14,"column":27},"end":{"line":14,"column":34}},"3":{"start":{"line":15,"column":8},"end":{"line":15,"column":42}},"4":{"start":{"line":17,"column":8},"end":{"line":21,"column":9}},"5":{"start":{"line":33,"column":16},"end":{"line":39,"column":1}},"6":{"start":{"line":41,"column":28},"end":{"line":41,"column":45}},"7":{"start":{"line":42,"column":0},"end":{"line":48,"column":1}},"8":{"start":{"line":50,"column":31},"end":{"line":50,"column":48}},"9":{"start":{"line":51,"column":0},"end":{"line":55,"column":1}}},"fnMap":{"0":{"name":"(anonymous_0)","decl":{"start":{"line":10,"column":17},"end":{"line":10,"column":18}},"loc":{"start":{"line":10,"column":42},"end":{"line":31,"column":1}},"line":10},"1":{"name":"(anonymous_1)","decl":{"start":{"line":13,"column":4},"end":{"line":13,"column":5}},"loc":{"start":{"line":13,"column":12},"end":{"line":22,"column":5}},"line":13}},"branchMap":{},"s":{"0":0,"1":0,"2":0,"3":0,"4":0,"5":0,"6":0,"7":0,"8":0,"9":0},"f":{"0":0,"1":0},"b":{}}
,"C:\\Users\\52111\\Projects\\dream-net\\app\\src\\stories\\components\\molecules\\email-input.stories.js": {"path":"C:\\Users\\52111\\Projects\\dream-net\\app\\src\\stories\\components\\molecules\\email-input.stories.js","statementMap":{"0":{"start":{"line":10,"column":17},"end":{"line":30,"column":2}},"1":{"start":{"line":10,"column":42},"end":{"line":30,"column":1}},"2":{"start":{"line":14,"column":22},"end":{"line":14,"column":27}},"3":{"start":{"line":15,"column":8},"end":{"line":15,"column":37}},"4":{"start":{"line":17,"column":8},"end":{"line":21,"column":9}},"5":{"start":{"line":32,"column":23},"end":{"line":32,"column":40}},"6":{"start":{"line":33,"column":0},"end":{"line":33,"column":17}}},"fnMap":{"0":{"name":"(anonymous_0)","decl":{"start":{"line":10,"column":17},"end":{"line":10,"column":18}},"loc":{"start":{"line":10,"column":42},"end":{"line":30,"column":1}},"line":10},"1":{"name":"(anonymous_1)","decl":{"start":{"line":13,"column":4},"end":{"line":13,"column":5}},"loc":{"start":{"line":13,"column":12},"end":{"line":22,"column":5}},"line":13}},"branchMap":{},"s":{"0":0,"1":0,"2":0,"3":0,"4":0,"5":0,"6":0},"f":{"0":0,"1":0},"b":{}}
,"C:\\Users\\52111\\Projects\\dream-net\\app\\src\\stories\\components\\molecules\\header.stories.js": {"path":"C:\\Users\\52111\\Projects\\dream-net\\app\\src\\stories\\components\\molecules\\header.stories.js","statementMap":{"0":{"start":{"line":8,"column":17},"end":{"line":15,"column":2}},"1":{"start":{"line":8,"column":42},"end":{"line":15,"column":1}},"2":{"start":{"line":12,"column":8},"end":{"line":12,"column":23}},"3":{"start":{"line":17,"column":23},"end":{"line":17,"column":40}},"4":{"start":{"line":18,"column":0},"end":{"line":18,"column":17}}},"fnMap":{"0":{"name":"(anonymous_0)","decl":{"start":{"line":8,"column":17},"end":{"line":8,"column":18}},"loc":{"start":{"line":8,"column":42},"end":{"line":15,"column":1}},"line":8},"1":{"name":"(anonymous_1)","decl":{"start":{"line":11,"column":4},"end":{"line":11,"column":5}},"loc":{"start":{"line":11,"column":12},"end":{"line":13,"column":5}},"line":11}},"branchMap":{},"s":{"0":0,"1":0,"2":0,"3":0,"4":0},"f":{"0":0,"1":0},"b":{}}
,"C:\\Users\\52111\\Projects\\dream-net\\app\\src\\stories\\components\\molecules\\menu.stories.js": {"path":"C:\\Users\\52111\\Projects\\dream-net\\app\\src\\stories\\components\\molecules\\menu.stories.js","statementMap":{"0":{"start":{"line":10,"column":17},"end":{"line":30,"column":2}},"1":{"start":{"line":10,"column":42},"end":{"line":30,"column":1}},"2":{"start":{"line":14,"column":31},"end":{"line":14,"column":49}},"3":{"start":{"line":16,"column":8},"end":{"line":20,"column":9}},"4":{"start":{"line":32,"column":23},"end":{"line":32,"column":40}},"5":{"start":{"line":33,"column":0},"end":{"line":52,"column":1}}},"fnMap":{"0":{"name":"(anonymous_0)","decl":{"start":{"line":10,"column":17},"end":{"line":10,"column":18}},"loc":{"start":{"line":10,"column":42},"end":{"line":30,"column":1}},"line":10},"1":{"name":"(anonymous_1)","decl":{"start":{"line":13,"column":4},"end":{"line":13,"column":5}},"loc":{"start":{"line":13,"column":12},"end":{"line":21,"column":5}},"line":13}},"branchMap":{},"s":{"0":0,"1":0,"2":0,"3":0,"4":0,"5":0},"f":{"0":0,"1":0},"b":{}}
,"C:\\Users\\52111\\Projects\\dream-net\\app\\src\\stories\\components\\molecules\\phone-input.stories.js": {"path":"C:\\Users\\52111\\Projects\\dream-net\\app\\src\\stories\\components\\molecules\\phone-input.stories.js","statementMap":{"0":{"start":{"line":9,"column":17},"end":{"line":19,"column":2}},"1":{"start":{"line":9,"column":42},"end":{"line":19,"column":1}},"2":{"start":{"line":13,"column":8},"end":{"line":16,"column":9}},"3":{"start":{"line":21,"column":23},"end":{"line":21,"column":40}},"4":{"start":{"line":22,"column":0},"end":{"line":22,"column":17}}},"fnMap":{"0":{"name":"(anonymous_0)","decl":{"start":{"line":9,"column":17},"end":{"line":9,"column":18}},"loc":{"start":{"line":9,"column":42},"end":{"line":19,"column":1}},"line":9},"1":{"name":"(anonymous_1)","decl":{"start":{"line":12,"column":4},"end":{"line":12,"column":5}},"loc":{"start":{"line":12,"column":12},"end":{"line":17,"column":5}},"line":12}},"branchMap":{},"s":{"0":0,"1":0,"2":0,"3":0,"4":0},"f":{"0":0,"1":0},"b":{}}
,"C:\\Users\\52111\\Projects\\dream-net\\app\\src\\stories\\components\\organisms\\comment-reply-form.stories.js": {"path":"C:\\Users\\52111\\Projects\\dream-net\\app\\src\\stories\\components\\organisms\\comment-reply-form.stories.js","statementMap":{"0":{"start":{"line":9,"column":17},"end":{"line":19,"column":2}},"1":{"start":{"line":9,"column":42},"end":{"line":19,"column":1}},"2":{"start":{"line":13,"column":8},"end":{"line":16,"column":9}},"3":{"start":{"line":21,"column":23},"end":{"line":21,"column":40}},"4":{"start":{"line":22,"column":0},"end":{"line":22,"column":17}}},"fnMap":{"0":{"name":"(anonymous_0)","decl":{"start":{"line":9,"column":17},"end":{"line":9,"column":18}},"loc":{"start":{"line":9,"column":42},"end":{"line":19,"column":1}},"line":9},"1":{"name":"(anonymous_1)","decl":{"start":{"line":12,"column":4},"end":{"line":12,"column":5}},"loc":{"start":{"line":12,"column":12},"end":{"line":17,"column":5}},"line":12}},"branchMap":{},"s":{"0":0,"1":0,"2":0,"3":0,"4":0},"f":{"0":0,"1":0},"b":{}}
,"C:\\Users\\52111\\Projects\\dream-net\\app\\src\\stories\\components\\organisms\\loader.stories.js": {"path":"C:\\Users\\52111\\Projects\\dream-net\\app\\src\\stories\\components\\organisms\\loader.stories.js","statementMap":{"0":{"start":{"line":19,"column":17},"end":{"line":42,"column":2}},"1":{"start":{"line":19,"column":42},"end":{"line":42,"column":1}},"2":{"start":{"line":23,"column":23},"end":{"line":25,"column":9}},"3":{"start":{"line":27,"column":8},"end":{"line":31,"column":9}},"4":{"start":{"line":44,"column":23},"end":{"line":44,"column":40}},"5":{"start":{"line":45,"column":0},"end":{"line":45,"column":17}}},"fnMap":{"0":{"name":"(anonymous_0)","decl":{"start":{"line":19,"column":17},"end":{"line":19,"column":18}},"loc":{"start":{"line":19,"column":42},"end":{"line":42,"column":1}},"line":19},"1":{"name":"(anonymous_1)","decl":{"start":{"line":22,"column":4},"end":{"line":22,"column":5}},"loc":{"start":{"line":22,"column":12},"end":{"line":32,"column":5}},"line":22}},"branchMap":{"0":{"loc":{"start":{"line":24,"column":12},"end":{"line":24,"column":75}},"type":"cond-expr","locations":[{"start":{"line":24,"column":53},"end":{"line":24,"column":57}},{"start":{"line":24,"column":60},"end":{"line":24,"column":75}}],"line":24}},"s":{"0":0,"1":0,"2":0,"3":0,"4":0,"5":0},"f":{"0":0,"1":0},"b":{"0":[0,0]}}
,"C:\\Users\\52111\\Projects\\dream-net\\app\\src\\stories\\components\\organisms\\login-form.stories.js": {"path":"C:\\Users\\52111\\Projects\\dream-net\\app\\src\\stories\\components\\organisms\\login-form.stories.js","statementMap":{"0":{"start":{"line":22,"column":17},"end":{"line":42,"column":2}},"1":{"start":{"line":22,"column":42},"end":{"line":42,"column":1}},"2":{"start":{"line":26,"column":25},"end":{"line":26,"column":32}},"3":{"start":{"line":28,"column":8},"end":{"line":32,"column":9}},"4":{"start":{"line":44,"column":23},"end":{"line":44,"column":40}},"5":{"start":{"line":45,"column":0},"end":{"line":45,"column":17}}},"fnMap":{"0":{"name":"(anonymous_0)","decl":{"start":{"line":22,"column":17},"end":{"line":22,"column":18}},"loc":{"start":{"line":22,"column":42},"end":{"line":42,"column":1}},"line":22},"1":{"name":"(anonymous_1)","decl":{"start":{"line":25,"column":4},"end":{"line":25,"column":5}},"loc":{"start":{"line":25,"column":12},"end":{"line":33,"column":5}},"line":25}},"branchMap":{},"s":{"0":0,"1":0,"2":0,"3":0,"4":0,"5":0},"f":{"0":0,"1":0},"b":{}}
,"C:\\Users\\52111\\Projects\\dream-net\\app\\src\\stories\\components\\organisms\\navigation-drawer.stories.js": {"path":"C:\\Users\\52111\\Projects\\dream-net\\app\\src\\stories\\components\\organisms\\navigation-drawer.stories.js","statementMap":{"0":{"start":{"line":17,"column":17},"end":{"line":44,"column":2}},"1":{"start":{"line":17,"column":42},"end":{"line":44,"column":1}},"2":{"start":{"line":21,"column":23},"end":{"line":21,"column":32}},"3":{"start":{"line":22,"column":27},"end":{"line":22,"column":49}},"4":{"start":{"line":24,"column":8},"end":{"line":30,"column":9}},"5":{"start":{"line":46,"column":23},"end":{"line":46,"column":40}},"6":{"start":{"line":47,"column":0},"end":{"line":70,"column":1}}},"fnMap":{"0":{"name":"(anonymous_0)","decl":{"start":{"line":17,"column":17},"end":{"line":17,"column":18}},"loc":{"start":{"line":17,"column":42},"end":{"line":44,"column":1}},"line":17},"1":{"name":"(anonymous_1)","decl":{"start":{"line":20,"column":4},"end":{"line":20,"column":5}},"loc":{"start":{"line":20,"column":12},"end":{"line":31,"column":5}},"line":20}},"branchMap":{},"s":{"0":0,"1":0,"2":0,"3":0,"4":0,"5":0,"6":0},"f":{"0":0,"1":0},"b":{}}
,"C:\\Users\\52111\\Projects\\dream-net\\app\\src\\stories\\components\\organisms\\signup-form.stories.js": {"path":"C:\\Users\\52111\\Projects\\dream-net\\app\\src\\stories\\components\\organisms\\signup-form.stories.js","statementMap":{"0":{"start":{"line":22,"column":17},"end":{"line":42,"column":2}},"1":{"start":{"line":22,"column":42},"end":{"line":42,"column":1}},"2":{"start":{"line":26,"column":25},"end":{"line":26,"column":32}},"3":{"start":{"line":28,"column":8},"end":{"line":32,"column":9}},"4":{"start":{"line":44,"column":23},"end":{"line":44,"column":40}},"5":{"start":{"line":45,"column":0},"end":{"line":45,"column":17}}},"fnMap":{"0":{"name":"(anonymous_0)","decl":{"start":{"line":22,"column":17},"end":{"line":22,"column":18}},"loc":{"start":{"line":22,"column":42},"end":{"line":42,"column":1}},"line":22},"1":{"name":"(anonymous_1)","decl":{"start":{"line":25,"column":4},"end":{"line":25,"column":5}},"loc":{"start":{"line":25,"column":12},"end":{"line":33,"column":5}},"line":25}},"branchMap":{},"s":{"0":0,"1":0,"2":0,"3":0,"4":0,"5":0},"f":{"0":0,"1":0},"b":{}}
,"C:\\Users\\52111\\Projects\\dream-net\\app\\src\\stories\\components\\templates\\form.stories.js": {"path":"C:\\Users\\52111\\Projects\\dream-net\\app\\src\\stories\\components\\templates\\form.stories.js","statementMap":{"0":{"start":{"line":9,"column":17},"end":{"line":19,"column":2}},"1":{"start":{"line":9,"column":42},"end":{"line":19,"column":1}},"2":{"start":{"line":13,"column":8},"end":{"line":16,"column":9}},"3":{"start":{"line":21,"column":23},"end":{"line":21,"column":40}},"4":{"start":{"line":22,"column":0},"end":{"line":22,"column":17}}},"fnMap":{"0":{"name":"(anonymous_0)","decl":{"start":{"line":9,"column":17},"end":{"line":9,"column":18}},"loc":{"start":{"line":9,"column":42},"end":{"line":19,"column":1}},"line":9},"1":{"name":"(anonymous_1)","decl":{"start":{"line":12,"column":4},"end":{"line":12,"column":5}},"loc":{"start":{"line":12,"column":12},"end":{"line":17,"column":5}},"line":12}},"branchMap":{},"s":{"0":0,"1":0,"2":0,"3":0,"4":0},"f":{"0":0,"1":0},"b":{}}
,"C:\\Users\\52111\\Projects\\dream-net\\app\\src\\stories\\components\\templates\\page.stories.js": {"path":"C:\\Users\\52111\\Projects\\dream-net\\app\\src\\stories\\components\\templates\\page.stories.js","statementMap":{"0":{"start":{"line":9,"column":17},"end":{"line":16,"column":2}},"1":{"start":{"line":9,"column":42},"end":{"line":16,"column":1}},"2":{"start":{"line":13,"column":8},"end":{"line":13,"column":23}},"3":{"start":{"line":18,"column":23},"end":{"line":18,"column":40}},"4":{"start":{"line":19,"column":0},"end":{"line":22,"column":1}}},"fnMap":{"0":{"name":"(anonymous_0)","decl":{"start":{"line":9,"column":17},"end":{"line":9,"column":18}},"loc":{"start":{"line":9,"column":42},"end":{"line":16,"column":1}},"line":9},"1":{"name":"(anonymous_1)","decl":{"start":{"line":12,"column":4},"end":{"line":12,"column":5}},"loc":{"start":{"line":12,"column":12},"end":{"line":14,"column":5}},"line":12}},"branchMap":{},"s":{"0":0,"1":0,"2":0,"3":0,"4":0},"f":{"0":0,"1":0},"b":{}}
}
